{"/home/travis/build/npmtest/node-npmtest-long/test.js":{"path":"/home/travis/build/npmtest/node-npmtest-long/test.js","s":{"1":2,"2":2,"3":2,"4":2,"5":2,"6":2,"7":2,"8":1,"9":2,"10":2,"11":1,"12":1,"13":1,"14":1,"15":2,"16":2,"17":2,"18":2,"19":1,"20":1,"21":2,"22":2,"23":2,"24":1,"25":1,"26":1,"27":1,"28":1,"29":1,"30":1,"31":1,"32":1,"33":1,"34":1,"35":1,"36":1,"37":1,"38":1,"39":2,"40":2,"41":1,"42":2,"43":2,"44":1,"45":2,"46":2,"47":1,"48":2,"49":2,"50":1,"51":1,"52":1,"53":1,"54":1},"b":{"1":[2,1,1,1],"2":[1,1,1,1],"3":[1,1],"4":[1,1],"5":[1,1],"6":[1,1],"7":[1,1],"8":[1,1],"9":[1,1],"10":[1,1,1],"11":[1,1],"12":[1,1],"13":[1,1],"14":[1,1],"15":[1,1],"16":[1,1],"17":[1,1]},"f":{"1":2,"2":2,"3":2,"4":2,"5":2,"6":1,"7":1,"8":1,"9":2,"10":2,"11":2,"12":2,"13":1},"fnMap":{"1":{"name":"(anonymous_1)","line":12,"loc":{"start":{"line":12,"column":1},"end":{"line":12,"column":13}}},"2":{"name":"(anonymous_2)","line":19,"loc":{"start":{"line":19,"column":5},"end":{"line":19,"column":17}}},"3":{"name":"(anonymous_3)","line":23,"loc":{"start":{"line":23,"column":24},"end":{"line":23,"column":36}}},"4":{"name":"(anonymous_4)","line":61,"loc":{"start":{"line":61,"column":5},"end":{"line":61,"column":17}}},"5":{"name":"(anonymous_5)","line":82,"loc":{"start":{"line":82,"column":5},"end":{"line":82,"column":17}}},"6":{"name":"(anonymous_6)","line":91,"loc":{"start":{"line":91,"column":77},"end":{"line":94,"column":10}}},"7":{"name":"(anonymous_7)","line":112,"loc":{"start":{"line":112,"column":83},"end":{"line":115,"column":10}},"skip":true},"8":{"name":"(anonymous_8)","line":123,"loc":{"start":{"line":123,"column":77},"end":{"line":126,"column":10}},"skip":true},"9":{"name":"(anonymous_9)","line":139,"loc":{"start":{"line":139,"column":12},"end":{"line":139,"column":40}},"skip":true},"10":{"name":"(anonymous_10)","line":147,"loc":{"start":{"line":147,"column":77},"end":{"line":150,"column":10}},"skip":true},"11":{"name":"(anonymous_11)","line":158,"loc":{"start":{"line":158,"column":83},"end":{"line":161,"column":10}},"skip":true},"12":{"name":"(anonymous_12)","line":169,"loc":{"start":{"line":169,"column":79},"end":{"line":172,"column":10}},"skip":true},"13":{"name":"(anonymous_13)","line":180,"loc":{"start":{"line":180,"column":75},"end":{"line":183,"column":10}},"skip":true}},"statementMap":{"1":{"start":{"line":12,"column":0},"end":{"line":195,"column":5}},"2":{"start":{"line":14,"column":4},"end":{"line":14,"column":14}},"3":{"start":{"line":19,"column":4},"end":{"line":56,"column":9}},"4":{"start":{"line":21,"column":8},"end":{"line":21,"column":19}},"5":{"start":{"line":23,"column":8},"end":{"line":35,"column":13}},"6":{"start":{"line":24,"column":12},"end":{"line":34,"column":13}},"7":{"start":{"line":25,"column":16},"end":{"line":28,"column":30}},"8":{"start":{"line":30,"column":16},"end":{"line":33,"column":27}},"9":{"start":{"line":37,"column":8},"end":{"line":39,"column":21}},"10":{"start":{"line":40,"column":8},"end":{"line":53,"column":9}},"11":{"start":{"line":43,"column":12},"end":{"line":46,"column":14}},"12":{"start":{"line":47,"column":12},"end":{"line":47,"column":18}},"13":{"start":{"line":50,"column":12},"end":{"line":51,"column":33}},"14":{"start":{"line":52,"column":12},"end":{"line":52,"column":18}},"15":{"start":{"line":55,"column":8},"end":{"line":55,"column":35}},"16":{"start":{"line":61,"column":4},"end":{"line":63,"column":9}},"17":{"start":{"line":62,"column":8},"end":{"line":62,"column":15}},"18":{"start":{"line":64,"column":4},"end":{"line":77,"column":5}},"19":{"start":{"line":70,"column":8},"end":{"line":70,"column":14}},"20":{"start":{"line":76,"column":8},"end":{"line":76,"column":14}},"21":{"start":{"line":82,"column":4},"end":{"line":84,"column":9}},"22":{"start":{"line":83,"column":8},"end":{"line":83,"column":15}},"23":{"start":{"line":85,"column":4},"end":{"line":194,"column":5}},"24":{"start":{"line":91,"column":8},"end":{"line":99,"column":10}},"25":{"start":{"line":98,"column":12},"end":{"line":98,"column":35}},"26":{"start":{"line":102,"column":8},"end":{"line":104,"column":63}},"27":{"start":{"line":105,"column":8},"end":{"line":105,"column":14}},"28":{"start":{"line":112,"column":8},"end":{"line":121,"column":10},"skip":true},"29":{"start":{"line":119,"column":12},"end":{"line":119,"column":55},"skip":true},"30":{"start":{"line":120,"column":12},"end":{"line":120,"column":48},"skip":true},"31":{"start":{"line":123,"column":8},"end":{"line":136,"column":10},"skip":true},"32":{"start":{"line":130,"column":12},"end":{"line":130,"column":76},"skip":true},"33":{"start":{"line":131,"column":12},"end":{"line":131,"column":73},"skip":true},"34":{"start":{"line":132,"column":12},"end":{"line":132,"column":74},"skip":true},"35":{"start":{"line":133,"column":12},"end":{"line":133,"column":79},"skip":true},"36":{"start":{"line":134,"column":12},"end":{"line":134,"column":25},"skip":true},"37":{"start":{"line":135,"column":12},"end":{"line":135,"column":45},"skip":true},"38":{"start":{"line":138,"column":8},"end":{"line":145,"column":14},"skip":true},"39":{"start":{"line":143,"column":16},"end":{"line":143,"column":29},"skip":true},"40":{"start":{"line":144,"column":16},"end":{"line":144,"column":55},"skip":true},"41":{"start":{"line":147,"column":8},"end":{"line":156,"column":10},"skip":true},"42":{"start":{"line":154,"column":12},"end":{"line":154,"column":25},"skip":true},"43":{"start":{"line":155,"column":12},"end":{"line":155,"column":45},"skip":true},"44":{"start":{"line":158,"column":8},"end":{"line":167,"column":10},"skip":true},"45":{"start":{"line":165,"column":12},"end":{"line":165,"column":25},"skip":true},"46":{"start":{"line":166,"column":12},"end":{"line":166,"column":48},"skip":true},"47":{"start":{"line":169,"column":8},"end":{"line":178,"column":10},"skip":true},"48":{"start":{"line":176,"column":12},"end":{"line":176,"column":25},"skip":true},"49":{"start":{"line":177,"column":12},"end":{"line":177,"column":46},"skip":true},"50":{"start":{"line":180,"column":8},"end":{"line":189,"column":10},"skip":true},"51":{"start":{"line":187,"column":12},"end":{"line":187,"column":94},"skip":true},"52":{"start":{"line":188,"column":12},"end":{"line":188,"column":48},"skip":true},"53":{"start":{"line":192,"column":8},"end":{"line":192,"column":35},"skip":true},"54":{"start":{"line":193,"column":8},"end":{"line":193,"column":14},"skip":true}},"branchMap":{"1":{"line":25,"type":"binary-expr","locations":[{"start":{"line":25,"column":23},"end":{"line":25,"column":62}},{"start":{"line":26,"column":20},"end":{"line":26,"column":70}},{"start":{"line":27,"column":20},"end":{"line":27,"column":71}},{"start":{"line":28,"column":20},"end":{"line":28,"column":29}}]},"2":{"line":30,"type":"binary-expr","locations":[{"start":{"line":30,"column":23},"end":{"line":30,"column":37}},{"start":{"line":31,"column":20},"end":{"line":31,"column":61}},{"start":{"line":32,"column":20},"end":{"line":32,"column":70}},{"start":{"line":33,"column":20},"end":{"line":33,"column":26}}]},"3":{"line":37,"type":"cond-expr","locations":[{"start":{"line":38,"column":14},"end":{"line":38,"column":20}},{"start":{"line":39,"column":14},"end":{"line":39,"column":20}}]},"4":{"line":40,"type":"switch","locations":[{"start":{"line":42,"column":8},"end":{"line":47,"column":18}},{"start":{"line":49,"column":8},"end":{"line":52,"column":18}}]},"5":{"line":44,"type":"binary-expr","locations":[{"start":{"line":44,"column":16},"end":{"line":44,"column":44}},{"start":{"line":44,"column":48},"end":{"line":44,"column":66}}]},"6":{"line":50,"type":"binary-expr","locations":[{"start":{"line":50,"column":21},"end":{"line":50,"column":49}},{"start":{"line":50,"column":53},"end":{"line":50,"column":72}}]},"7":{"line":64,"type":"switch","locations":[{"start":{"line":69,"column":4},"end":{"line":70,"column":14}},{"start":{"line":75,"column":4},"end":{"line":76,"column":14}}]},"8":{"line":85,"type":"switch","locations":[{"start":{"line":90,"column":4},"end":{"line":105,"column":14}},{"start":{"line":111,"column":4},"end":{"line":193,"column":14},"skip":true}]},"9":{"line":91,"type":"binary-expr","locations":[{"start":{"line":91,"column":42},"end":{"line":91,"column":73}},{"start":{"line":91,"column":77},"end":{"line":99,"column":9}}]},"10":{"line":102,"type":"binary-expr","locations":[{"start":{"line":102,"column":18},"end":{"line":102,"column":32}},{"start":{"line":103,"column":12},"end":{"line":103,"column":53}},{"start":{"line":104,"column":12},"end":{"line":104,"column":61}}]},"11":{"line":112,"type":"binary-expr","locations":[{"start":{"line":112,"column":45},"end":{"line":112,"column":79},"skip":true},{"start":{"line":112,"column":83},"end":{"line":121,"column":9},"skip":true}]},"12":{"line":123,"type":"binary-expr","locations":[{"start":{"line":123,"column":42},"end":{"line":123,"column":73},"skip":true},{"start":{"line":123,"column":77},"end":{"line":136,"column":9},"skip":true}]},"13":{"line":138,"type":"binary-expr","locations":[{"start":{"line":138,"column":48},"end":{"line":138,"column":85},"skip":true},{"start":{"line":139,"column":12},"end":{"line":145,"column":13},"skip":true}]},"14":{"line":147,"type":"binary-expr","locations":[{"start":{"line":147,"column":42},"end":{"line":147,"column":73},"skip":true},{"start":{"line":147,"column":77},"end":{"line":156,"column":9},"skip":true}]},"15":{"line":158,"type":"binary-expr","locations":[{"start":{"line":158,"column":45},"end":{"line":158,"column":79},"skip":true},{"start":{"line":158,"column":83},"end":{"line":167,"column":9},"skip":true}]},"16":{"line":169,"type":"binary-expr","locations":[{"start":{"line":169,"column":43},"end":{"line":169,"column":75},"skip":true},{"start":{"line":169,"column":79},"end":{"line":178,"column":9},"skip":true}]},"17":{"line":180,"type":"binary-expr","locations":[{"start":{"line":180,"column":41},"end":{"line":180,"column":71},"skip":true},{"start":{"line":180,"column":75},"end":{"line":189,"column":9},"skip":true}]}},"code":["/* istanbul instrument in package npmtest_long */","/*jslint","    bitwise: true,","    browser: true,","    maxerr: 8,","    maxlen: 96,","    node: true,","    nomen: true,","    regexp: true,","    stupid: true","*/","(function () {","    'use strict';","    var local;","","","","    // run shared js-env code - init-before","    (function () {","        // init local","        local = {};","        // init modeJs","        local.modeJs = (function () {","            try {","                return typeof navigator.userAgent === 'string' &&","                    typeof document.querySelector('body') === 'object' &&","                    typeof XMLHttpRequest.prototype.open === 'function' &&","                    'browser';","            } catch (errorCaughtBrowser) {","                return module.exports &&","                    typeof process.versions.node === 'string' &&","                    typeof require('http').createServer === 'function' &&","                    'node';","            }","        }());","        // init global","        local.global = local.modeJs === 'browser'","            ? window","            : global;","        switch (local.modeJs) {","        // re-init local from window.local","        case 'browser':","            local = local.global.utility2.objectSetDefault(","                local.global.utility2_rollup || local.global.local,","                local.global.utility2","            );","            break;","        // re-init local from example.js","        case 'node':","            local = (local.global.utility2_rollup || require('utility2'))","                .requireReadme();","            break;","        }","        // export local","        local.global.local = local;","    }());","","","","    // run shared js-env code - function","    (function () {","        return;","    }());","    switch (local.modeJs) {","","","","    // run browser js-env code - function","    case 'browser':","        break;","","","","    // run node js-env code - function","    case 'node':","        break;","    }","","","","    // run shared js-env code - init-after","    (function () {","        return;","    }());","    switch (local.modeJs) {","","","","    // run browser js-env code - init-after","    case 'browser':","        local.testCase_browser_nullCase = local.testCase_browser_nullCase || function (","            options,","            onError","        ) {","        /*","         * this function will test browsers's null-case handling-behavior-behavior","         */","            onError(null, options);","        };","","        // run tests","        local.nop(local.modeTest &&","            document.querySelector('#testRunButton1') &&","            document.querySelector('#testRunButton1').click());","        break;","","","","    // run node js-env code - init-after","    /* istanbul ignore next */","    case 'node':","        local.testCase_buildApidoc_default = local.testCase_buildApidoc_default || function (","            options,","            onError","        ) {","        /*","         * this function will test buildApidoc's default handling-behavior-behavior","         */","            options = { modulePathList: module.paths };","            local.buildApidoc(options, onError);","        };","","        local.testCase_buildApp_default = local.testCase_buildApp_default || function (","            options,","            onError","        ) {","        /*","         * this function will test buildApp's default handling-behavior-behavior","         */","            local.testCase_buildReadme_default(options, local.onErrorThrow);","            local.testCase_buildLib_default(options, local.onErrorThrow);","            local.testCase_buildTest_default(options, local.onErrorThrow);","            local.testCase_buildCustomOrg_default(options, local.onErrorThrow);","            options = [];","            local.buildApp(options, onError);","        };","","        local.testCase_buildCustomOrg_default = local.testCase_buildCustomOrg_default ||","            function (options, onError) {","            /*","             * this function will test buildCustomOrg's default handling-behavior","             */","                options = {};","                local.buildCustomOrg(options, onError);","            };","","        local.testCase_buildLib_default = local.testCase_buildLib_default || function (","            options,","            onError","        ) {","        /*","         * this function will test buildLib's default handling-behavior","         */","            options = {};","            local.buildLib(options, onError);","        };","","        local.testCase_buildReadme_default = local.testCase_buildReadme_default || function (","            options,","            onError","        ) {","        /*","         * this function will test buildReadme's default handling-behavior-behavior","         */","            options = {};","            local.buildReadme(options, onError);","        };","","        local.testCase_buildTest_default = local.testCase_buildTest_default || function (","            options,","            onError","        ) {","        /*","         * this function will test buildTest's default handling-behavior","         */","            options = {};","            local.buildTest(options, onError);","        };","","        local.testCase_webpage_default = local.testCase_webpage_default || function (","            options,","            onError","        ) {","        /*","         * this function will test webpage's default handling-behavior","         */","            options = { modeCoverageMerge: true, url: local.serverLocalHost + '?modeTest=1' };","            local.browserTest(options, onError);","        };","","        // run test-server","        local.testRunServer(local);","        break;","    }","}());",""],"l":{"12":2,"14":2,"19":2,"21":2,"23":2,"24":2,"25":2,"30":1,"37":2,"40":2,"43":1,"47":1,"50":1,"52":1,"55":2,"61":2,"62":2,"64":2,"70":1,"76":1,"82":2,"83":2,"85":2,"91":1,"98":1,"102":1,"105":1,"112":1,"119":1,"120":1,"123":1,"130":1,"131":1,"132":1,"133":1,"134":1,"135":1,"138":1,"143":2,"144":2,"147":1,"154":2,"155":2,"158":1,"165":2,"166":2,"169":1,"176":2,"177":2,"180":1,"187":1,"188":1,"192":1,"193":1}},"/home/travis/build/npmtest/node-npmtest-long/lib.npmtest_long.js":{"path":"/home/travis/build/npmtest/node-npmtest-long/lib.npmtest_long.js","s":{"1":2,"2":2,"3":2,"4":2,"5":2,"6":2,"7":2,"8":1,"9":2,"10":2,"11":2,"12":2,"13":1,"14":1,"15":1,"16":1},"b":{"1":[2,1,1,1],"2":[1,1,1,1],"3":[1,1],"4":[2,2],"5":[1,1]},"f":{"1":2,"2":2,"3":2},"fnMap":{"1":{"name":"(anonymous_1)","line":12,"loc":{"start":{"line":12,"column":1},"end":{"line":12,"column":13}}},"2":{"name":"(anonymous_2)","line":19,"loc":{"start":{"line":19,"column":5},"end":{"line":19,"column":17}}},"3":{"name":"(anonymous_3)","line":23,"loc":{"start":{"line":23,"column":24},"end":{"line":23,"column":36}}}},"statementMap":{"1":{"start":{"line":12,"column":0},"end":{"line":53,"column":5}},"2":{"start":{"line":14,"column":4},"end":{"line":14,"column":14}},"3":{"start":{"line":19,"column":4},"end":{"line":52,"column":9}},"4":{"start":{"line":21,"column":8},"end":{"line":21,"column":19}},"5":{"start":{"line":23,"column":8},"end":{"line":35,"column":13}},"6":{"start":{"line":24,"column":12},"end":{"line":34,"column":13}},"7":{"start":{"line":25,"column":16},"end":{"line":28,"column":30}},"8":{"start":{"line":30,"column":16},"end":{"line":33,"column":27}},"9":{"start":{"line":37,"column":8},"end":{"line":39,"column":21}},"10":{"start":{"line":41,"column":8},"end":{"line":41,"column":54}},"11":{"start":{"line":43,"column":8},"end":{"line":43,"column":49}},"12":{"start":{"line":45,"column":8},"end":{"line":51,"column":9}},"13":{"start":{"line":46,"column":12},"end":{"line":46,"column":55}},"14":{"start":{"line":48,"column":12},"end":{"line":48,"column":35}},"15":{"start":{"line":49,"column":12},"end":{"line":49,"column":49}},"16":{"start":{"line":50,"column":12},"end":{"line":50,"column":43}}},"branchMap":{"1":{"line":25,"type":"binary-expr","locations":[{"start":{"line":25,"column":23},"end":{"line":25,"column":62}},{"start":{"line":26,"column":20},"end":{"line":26,"column":70}},{"start":{"line":27,"column":20},"end":{"line":27,"column":71}},{"start":{"line":28,"column":20},"end":{"line":28,"column":29}}]},"2":{"line":30,"type":"binary-expr","locations":[{"start":{"line":30,"column":23},"end":{"line":30,"column":37}},{"start":{"line":31,"column":20},"end":{"line":31,"column":61}},{"start":{"line":32,"column":20},"end":{"line":32,"column":70}},{"start":{"line":33,"column":20},"end":{"line":33,"column":26}}]},"3":{"line":37,"type":"cond-expr","locations":[{"start":{"line":38,"column":14},"end":{"line":38,"column":20}},{"start":{"line":39,"column":14},"end":{"line":39,"column":20}}]},"4":{"line":41,"type":"binary-expr","locations":[{"start":{"line":41,"column":16},"end":{"line":41,"column":44}},{"start":{"line":41,"column":48},"end":{"line":41,"column":53}}]},"5":{"line":45,"type":"if","locations":[{"start":{"line":45,"column":8},"end":{"line":45,"column":8}},{"start":{"line":45,"column":8},"end":{"line":45,"column":8}}]}},"code":["/* istanbul instrument in package npmtest_long */","/*jslint","    bitwise: true,","    browser: true,","    maxerr: 8,","    maxlen: 96,","    node: true,","    nomen: true,","    regexp: true,","    stupid: true","*/","(function () {","    'use strict';","    var local;","","","","    // run shared js-env code - init-before","    (function () {","        // init local","        local = {};","        // init modeJs","        local.modeJs = (function () {","            try {","                return typeof navigator.userAgent === 'string' &&","                    typeof document.querySelector('body') === 'object' &&","                    typeof XMLHttpRequest.prototype.open === 'function' &&","                    'browser';","            } catch (errorCaughtBrowser) {","                return module.exports &&","                    typeof process.versions.node === 'string' &&","                    typeof require('http').createServer === 'function' &&","                    'node';","            }","        }());","        // init global","        local.global = local.modeJs === 'browser'","            ? window","            : global;","        // init utility2_rollup","        local = local.global.utility2_rollup || local;","        // init lib","        local.local = local.npmtest_long = local;","        // init exports","        if (local.modeJs === 'browser') {","            local.global.utility2_npmtest_long = local;","        } else {","            module.exports = local;","            module.exports.__dirname = __dirname;","            module.exports.module = module;","        }","    }());","}());",""],"l":{"12":2,"14":2,"19":2,"21":2,"23":2,"24":2,"25":2,"30":1,"37":2,"41":2,"43":2,"45":2,"46":1,"48":1,"49":1,"50":1}},"/home/travis/build/npmtest/node-npmtest-long/example.js":{"path":"/home/travis/build/npmtest/node-npmtest-long/example.js","s":{"1":2,"2":2,"3":2,"4":2,"5":2,"6":2,"7":2,"8":1,"9":2,"10":2,"11":2,"12":2,"13":1,"14":2,"15":2,"16":2,"17":2,"18":2,"19":0,"20":2,"21":1,"22":1,"23":1,"24":1,"25":1,"26":0,"27":0,"28":1,"29":1,"30":2,"31":0,"32":0,"33":0,"34":1,"35":2,"36":2,"37":3,"38":3,"39":3,"40":3,"41":0,"42":3,"43":3,"44":3,"45":1,"46":3,"47":1,"48":1,"49":1,"50":1,"51":1,"52":1,"53":1,"54":1,"55":1,"56":1,"57":0,"58":1,"59":6,"60":6,"61":1,"62":2,"63":0,"64":2,"65":1,"66":1,"67":0,"68":0,"69":0,"70":0,"71":0,"72":0,"73":0,"74":0,"75":0,"76":0,"77":0,"78":0,"79":0,"80":0,"81":0,"82":0,"83":0},"b":{"1":[2,1,1,1],"2":[1,1,1,1],"3":[1,1],"4":[2,2],"5":[1,1],"6":[1,1],"7":[2,0],"8":[2,1,1,1,1,1],"9":[0,2,0],"10":[1,1],"11":[2,1,1],"12":[1,0],"13":[0,2],"14":[2,0,0,0,0,0,0],"15":[0,3],"16":[3,0],"17":[1,1],"18":[0,1],"19":[1,2,0,2],"20":[1,0],"21":[1,1],"22":[0,0],"23":[0,0],"24":[0,0],"25":[0,0],"26":[0,0],"27":[0,0],"28":[0,0]},"f":{"1":2,"2":2,"3":2,"4":2,"5":2,"6":2,"7":3,"8":3,"9":3,"10":1,"11":6,"12":0},"fnMap":{"1":{"name":"(anonymous_1)","line":26,"loc":{"start":{"line":26,"column":1},"end":{"line":26,"column":13}}},"2":{"name":"(anonymous_2)","line":33,"loc":{"start":{"line":33,"column":5},"end":{"line":33,"column":17}}},"3":{"name":"(anonymous_3)","line":37,"loc":{"start":{"line":37,"column":24},"end":{"line":37,"column":36}}},"4":{"name":"(anonymous_4)","line":69,"loc":{"start":{"line":69,"column":31},"end":{"line":69,"column":48}},"skip":true},"5":{"name":"(anonymous_5)","line":78,"loc":{"start":{"line":78,"column":26},"end":{"line":78,"column":45}},"skip":true},"6":{"name":"(anonymous_6)","line":123,"loc":{"start":{"line":123,"column":33},"end":{"line":123,"column":48}},"skip":true},"7":{"name":"(anonymous_7)","line":125,"loc":{"start":{"line":125,"column":27},"end":{"line":125,"column":39}},"skip":true},"8":{"name":"(anonymous_8)","line":133,"loc":{"start":{"line":133,"column":59},"end":{"line":133,"column":74}},"skip":true},"9":{"name":"(anonymous_9)","line":143,"loc":{"start":{"line":143,"column":45},"end":{"line":143,"column":62}},"skip":true},"10":{"name":"(anonymous_10)","line":144,"loc":{"start":{"line":144,"column":73},"end":{"line":144,"column":92}},"skip":true},"11":{"name":"(anonymous_11)","line":272,"loc":{"start":{"line":272,"column":51},"end":{"line":272,"column":77}},"skip":true},"12":{"name":"(anonymous_12)","line":315,"loc":{"start":{"line":315,"column":32},"end":{"line":315,"column":61}},"skip":true}},"statementMap":{"1":{"start":{"line":26,"column":0},"end":{"line":326,"column":5}},"2":{"start":{"line":28,"column":4},"end":{"line":28,"column":14}},"3":{"start":{"line":33,"column":4},"end":{"line":60,"column":9}},"4":{"start":{"line":35,"column":8},"end":{"line":35,"column":19}},"5":{"start":{"line":37,"column":8},"end":{"line":49,"column":13}},"6":{"start":{"line":38,"column":12},"end":{"line":48,"column":13}},"7":{"start":{"line":39,"column":16},"end":{"line":42,"column":30}},"8":{"start":{"line":44,"column":16},"end":{"line":47,"column":27}},"9":{"start":{"line":51,"column":8},"end":{"line":53,"column":21}},"10":{"start":{"line":55,"column":8},"end":{"line":57,"column":45}},"11":{"start":{"line":59,"column":8},"end":{"line":59,"column":35}},"12":{"start":{"line":61,"column":4},"end":{"line":325,"column":5}},"13":{"start":{"line":69,"column":8},"end":{"line":121,"column":10},"skip":true},"14":{"start":{"line":70,"column":12},"end":{"line":88,"column":13},"skip":true},"15":{"start":{"line":76,"column":16},"end":{"line":87,"column":19},"skip":true},"16":{"start":{"line":79,"column":20},"end":{"line":86,"column":21},"skip":true},"17":{"start":{"line":82,"column":24},"end":{"line":82,"column":43},"skip":true},"18":{"start":{"line":83,"column":24},"end":{"line":83,"column":30},"skip":true},"19":{"start":{"line":85,"column":24},"end":{"line":85,"column":49},"skip":true},"20":{"start":{"line":89,"column":12},"end":{"line":107,"column":13},"skip":true},"21":{"start":{"line":92,"column":16},"end":{"line":102,"column":17},"skip":true},"22":{"start":{"line":93,"column":20},"end":{"line":93,"column":86},"skip":true},"23":{"start":{"line":94,"column":20},"end":{"line":95,"column":45},"skip":true},"24":{"start":{"line":96,"column":20},"end":{"line":96,"column":42},"skip":true},"25":{"start":{"line":97,"column":20},"end":{"line":97,"column":48},"skip":true},"26":{"start":{"line":100,"column":20},"end":{"line":100,"column":85},"skip":true},"27":{"start":{"line":101,"column":20},"end":{"line":101,"column":96},"skip":true},"28":{"start":{"line":103,"column":16},"end":{"line":103,"column":22},"skip":true},"29":{"start":{"line":106,"column":16},"end":{"line":106,"column":22},"skip":true},"30":{"start":{"line":108,"column":12},"end":{"line":120,"column":13},"skip":true},"31":{"start":{"line":114,"column":16},"end":{"line":119,"column":17},"skip":true},"32":{"start":{"line":116,"column":20},"end":{"line":116,"column":78},"skip":true},"33":{"start":{"line":118,"column":20},"end":{"line":118,"column":47},"skip":true},"34":{"start":{"line":123,"column":8},"end":{"line":141,"column":11},"skip":true},"35":{"start":{"line":124,"column":12},"end":{"line":124,"column":54},"skip":true},"36":{"start":{"line":125,"column":12},"end":{"line":140,"column":14},"skip":true},"37":{"start":{"line":126,"column":16},"end":{"line":126,"column":28},"skip":true},"38":{"start":{"line":127,"column":16},"end":{"line":127,"column":69},"skip":true},"39":{"start":{"line":128,"column":16},"end":{"line":128,"column":75},"skip":true},"40":{"start":{"line":129,"column":16},"end":{"line":131,"column":17},"skip":true},"41":{"start":{"line":130,"column":20},"end":{"line":130,"column":27},"skip":true},"42":{"start":{"line":133,"column":16},"end":{"line":137,"column":36},"skip":true},"43":{"start":{"line":134,"column":20},"end":{"line":136,"column":55},"skip":true},"44":{"start":{"line":139,"column":16},"end":{"line":139,"column":57},"skip":true},"45":{"start":{"line":143,"column":8},"end":{"line":147,"column":11},"skip":true},"46":{"start":{"line":144,"column":12},"end":{"line":146,"column":15},"skip":true},"47":{"start":{"line":145,"column":16},"end":{"line":145,"column":70},"skip":true},"48":{"start":{"line":149,"column":8},"end":{"line":149,"column":31},"skip":true},"49":{"start":{"line":150,"column":8},"end":{"line":150,"column":14},"skip":true},"50":{"start":{"line":158,"column":8},"end":{"line":158,"column":31},"skip":true},"51":{"start":{"line":160,"column":8},"end":{"line":160,"column":33},"skip":true},"52":{"start":{"line":161,"column":8},"end":{"line":161,"column":37},"skip":true},"53":{"start":{"line":162,"column":8},"end":{"line":162,"column":35},"skip":true},"54":{"start":{"line":164,"column":8},"end":{"line":164,"column":50},"skip":true},"55":{"start":{"line":166,"column":8},"end":{"line":256,"column":2},"skip":true},"56":{"start":{"line":258,"column":8},"end":{"line":286,"column":9},"skip":true},"57":{"start":{"line":259,"column":12},"end":{"line":269,"column":14},"skip":true},"58":{"start":{"line":271,"column":12},"end":{"line":285,"column":19},"skip":true},"59":{"start":{"line":274,"column":20},"end":{"line":274,"column":35},"skip":true},"60":{"start":{"line":275,"column":20},"end":{"line":284,"column":21},"skip":true},"61":{"start":{"line":277,"column":24},"end":{"line":277,"column":64},"skip":true},"62":{"start":{"line":279,"column":24},"end":{"line":279,"column":40},"skip":true},"63":{"start":{"line":281,"column":24},"end":{"line":281,"column":40},"skip":true},"64":{"start":{"line":283,"column":24},"end":{"line":283,"column":39},"skip":true},"65":{"start":{"line":288,"column":8},"end":{"line":290,"column":9},"skip":true},"66":{"start":{"line":289,"column":12},"end":{"line":289,"column":18},"skip":true},"67":{"start":{"line":291,"column":8},"end":{"line":293,"column":54},"skip":true},"68":{"start":{"line":296,"column":8},"end":{"line":301,"column":37},"skip":true},"69":{"start":{"line":303,"column":8},"end":{"line":303,"column":82},"skip":true},"70":{"start":{"line":306,"column":8},"end":{"line":308,"column":9},"skip":true},"71":{"start":{"line":307,"column":12},"end":{"line":307,"column":82},"skip":true},"72":{"start":{"line":310,"column":8},"end":{"line":312,"column":9},"skip":true},"73":{"start":{"line":311,"column":12},"end":{"line":311,"column":18},"skip":true},"74":{"start":{"line":313,"column":8},"end":{"line":313,"column":54},"skip":true},"75":{"start":{"line":314,"column":8},"end":{"line":314,"column":69},"skip":true},"76":{"start":{"line":315,"column":8},"end":{"line":323,"column":36},"skip":true},"77":{"start":{"line":316,"column":12},"end":{"line":316,"column":61},"skip":true},"78":{"start":{"line":317,"column":12},"end":{"line":320,"column":13},"skip":true},"79":{"start":{"line":318,"column":16},"end":{"line":318,"column":75},"skip":true},"80":{"start":{"line":319,"column":16},"end":{"line":319,"column":23},"skip":true},"81":{"start":{"line":321,"column":12},"end":{"line":321,"column":38},"skip":true},"82":{"start":{"line":322,"column":12},"end":{"line":322,"column":27},"skip":true},"83":{"start":{"line":324,"column":8},"end":{"line":324,"column":14},"skip":true}},"branchMap":{"1":{"line":39,"type":"binary-expr","locations":[{"start":{"line":39,"column":23},"end":{"line":39,"column":62}},{"start":{"line":40,"column":20},"end":{"line":40,"column":70}},{"start":{"line":41,"column":20},"end":{"line":41,"column":71}},{"start":{"line":42,"column":20},"end":{"line":42,"column":29}}]},"2":{"line":44,"type":"binary-expr","locations":[{"start":{"line":44,"column":23},"end":{"line":44,"column":37}},{"start":{"line":45,"column":20},"end":{"line":45,"column":61}},{"start":{"line":46,"column":20},"end":{"line":46,"column":70}},{"start":{"line":47,"column":20},"end":{"line":47,"column":26}}]},"3":{"line":51,"type":"cond-expr","locations":[{"start":{"line":52,"column":14},"end":{"line":52,"column":20}},{"start":{"line":53,"column":14},"end":{"line":53,"column":20}}]},"4":{"line":55,"type":"binary-expr","locations":[{"start":{"line":55,"column":16},"end":{"line":55,"column":44}},{"start":{"line":55,"column":49},"end":{"line":57,"column":43}}]},"5":{"line":55,"type":"cond-expr","locations":[{"start":{"line":56,"column":14},"end":{"line":56,"column":48}},{"start":{"line":57,"column":14},"end":{"line":57,"column":43}}]},"6":{"line":61,"type":"switch","locations":[{"start":{"line":68,"column":4},"end":{"line":150,"column":14},"skip":true},{"start":{"line":156,"column":4},"end":{"line":324,"column":14},"skip":true}]},"7":{"line":70,"type":"if","locations":[{"start":{"line":70,"column":12},"end":{"line":70,"column":12},"skip":true},{"start":{"line":70,"column":12},"end":{"line":70,"column":12},"skip":true}]},"8":{"line":70,"type":"binary-expr","locations":[{"start":{"line":70,"column":16},"end":{"line":70,"column":22},"skip":true},{"start":{"line":70,"column":27},"end":{"line":70,"column":32},"skip":true},{"start":{"line":71,"column":20},"end":{"line":71,"column":39},"skip":true},{"start":{"line":72,"column":20},"end":{"line":72,"column":49},"skip":true},{"start":{"line":73,"column":20},"end":{"line":73,"column":58},"skip":true},{"start":{"line":74,"column":20},"end":{"line":74,"column":69},"skip":true}]},"9":{"line":79,"type":"switch","locations":[{"start":{"line":80,"column":20},"end":{"line":80,"column":33},"skip":true},{"start":{"line":81,"column":20},"end":{"line":83,"column":30},"skip":true},{"start":{"line":84,"column":20},"end":{"line":85,"column":49},"skip":true}]},"10":{"line":89,"type":"switch","locations":[{"start":{"line":90,"column":12},"end":{"line":103,"column":22},"skip":true},{"start":{"line":105,"column":12},"end":{"line":106,"column":22},"skip":true}]},"11":{"line":89,"type":"binary-expr","locations":[{"start":{"line":89,"column":20},"end":{"line":89,"column":25},"skip":true},{"start":{"line":89,"column":29},"end":{"line":89,"column":48},"skip":true},{"start":{"line":89,"column":52},"end":{"line":89,"column":74},"skip":true}]},"12":{"line":92,"type":"if","locations":[{"start":{"line":92,"column":16},"end":{"line":92,"column":16},"skip":true},{"start":{"line":92,"column":16},"end":{"line":92,"column":16},"skip":true}]},"13":{"line":108,"type":"if","locations":[{"start":{"line":108,"column":12},"end":{"line":108,"column":12},"skip":true},{"start":{"line":108,"column":12},"end":{"line":108,"column":12},"skip":true}]},"14":{"line":108,"type":"binary-expr","locations":[{"start":{"line":108,"column":16},"end":{"line":108,"column":61},"skip":true},{"start":{"line":108,"column":66},"end":{"line":108,"column":72},"skip":true},{"start":{"line":108,"column":77},"end":{"line":108,"column":82},"skip":true},{"start":{"line":109,"column":20},"end":{"line":109,"column":39},"skip":true},{"start":{"line":110,"column":20},"end":{"line":110,"column":49},"skip":true},{"start":{"line":111,"column":20},"end":{"line":111,"column":58},"skip":true},{"start":{"line":112,"column":20},"end":{"line":112,"column":68},"skip":true}]},"15":{"line":129,"type":"if","locations":[{"start":{"line":129,"column":16},"end":{"line":129,"column":16},"skip":true},{"start":{"line":129,"column":16},"end":{"line":129,"column":16},"skip":true}]},"16":{"line":134,"type":"cond-expr","locations":[{"start":{"line":135,"column":26},"end":{"line":135,"column":29},"skip":true},{"start":{"line":136,"column":26},"end":{"line":136,"column":54},"skip":true}]},"17":{"line":164,"type":"binary-expr","locations":[{"start":{"line":164,"column":27},"end":{"line":164,"column":43},"skip":true},{"start":{"line":164,"column":47},"end":{"line":164,"column":49},"skip":true}]},"18":{"line":258,"type":"if","locations":[{"start":{"line":258,"column":8},"end":{"line":258,"column":8},"skip":true},{"start":{"line":258,"column":8},"end":{"line":258,"column":8},"skip":true}]},"19":{"line":275,"type":"switch","locations":[{"start":{"line":276,"column":20},"end":{"line":277,"column":64},"skip":true},{"start":{"line":278,"column":20},"end":{"line":279,"column":40},"skip":true},{"start":{"line":280,"column":20},"end":{"line":281,"column":40},"skip":true},{"start":{"line":282,"column":20},"end":{"line":283,"column":39},"skip":true}]},"20":{"line":288,"type":"if","locations":[{"start":{"line":288,"column":8},"end":{"line":288,"column":8},"skip":true},{"start":{"line":288,"column":8},"end":{"line":288,"column":8},"skip":true}]},"21":{"line":288,"type":"binary-expr","locations":[{"start":{"line":288,"column":12},"end":{"line":288,"column":40},"skip":true},{"start":{"line":288,"column":44},"end":{"line":288,"column":67},"skip":true}]},"22":{"line":292,"type":"binary-expr","locations":[{"start":{"line":292,"column":12},"end":{"line":292,"column":50},"skip":true},{"start":{"line":293,"column":12},"end":{"line":293,"column":53},"skip":true}]},"23":{"line":297,"type":"binary-expr","locations":[{"start":{"line":297,"column":12},"end":{"line":297,"column":62},"skip":true},{"start":{"line":298,"column":12},"end":{"line":301,"column":36},"skip":true}]},"24":{"line":303,"type":"binary-expr","locations":[{"start":{"line":303,"column":43},"end":{"line":303,"column":75},"skip":true},{"start":{"line":303,"column":79},"end":{"line":303,"column":81},"skip":true}]},"25":{"line":306,"type":"if","locations":[{"start":{"line":306,"column":8},"end":{"line":306,"column":8},"skip":true},{"start":{"line":306,"column":8},"end":{"line":306,"column":8},"skip":true}]},"26":{"line":310,"type":"if","locations":[{"start":{"line":310,"column":8},"end":{"line":310,"column":8},"skip":true},{"start":{"line":310,"column":8},"end":{"line":310,"column":8},"skip":true}]},"27":{"line":313,"type":"binary-expr","locations":[{"start":{"line":313,"column":27},"end":{"line":313,"column":43},"skip":true},{"start":{"line":313,"column":47},"end":{"line":313,"column":53},"skip":true}]},"28":{"line":317,"type":"if","locations":[{"start":{"line":317,"column":12},"end":{"line":317,"column":12},"skip":true},{"start":{"line":317,"column":12},"end":{"line":317,"column":12},"skip":true}]}},"code":["/*","example.js","","quickstart example","","instruction","    1. save this script as example.js","    2. run the shell command:","        $ npm install npmtest-long && PORT=8081 node example.js","    3. play with the browser-demo on http://127.0.0.1:8081","*/","","","","/* istanbul instrument in package npmtest_long */","/*jslint","    bitwise: true,","    browser: true,","    maxerr: 8,","    maxlen: 96,","    node: true,","    nomen: true,","    regexp: true,","    stupid: true","*/","(function () {","    'use strict';","    var local;","","","","    // run shared js-env code - init-before","    (function () {","        // init local","        local = {};","        // init modeJs","        local.modeJs = (function () {","            try {","                return typeof navigator.userAgent === 'string' &&","                    typeof document.querySelector('body') === 'object' &&","                    typeof XMLHttpRequest.prototype.open === 'function' &&","                    'browser';","            } catch (errorCaughtBrowser) {","                return module.exports &&","                    typeof process.versions.node === 'string' &&","                    typeof require('http').createServer === 'function' &&","                    'node';","            }","        }());","        // init global","        local.global = local.modeJs === 'browser'","            ? window","            : global;","        // init utility2_rollup","        local = local.global.utility2_rollup || (local.modeJs === 'browser'","            ? local.global.utility2_npmtest_long","            : global.utility2_moduleExports);","        // export local","        local.global.local = local;","    }());","    switch (local.modeJs) {","","","","    // init-after","    // run browser js-env code - init-after","    /* istanbul ignore next */","    case 'browser':","        local.testRunBrowser = function (event) {","            if (!event || (event &&","                    event.currentTarget &&","                    event.currentTarget.className &&","                    event.currentTarget.className.includes &&","                    event.currentTarget.className.includes('onreset'))) {","                // reset output","                Array.from(","                    document.querySelectorAll('body > .resettable')","                ).forEach(function (element) {","                    switch (element.tagName) {","                    case 'INPUT':","                    case 'TEXTAREA':","                        element.value = '';","                        break;","                    default:","                        element.textContent = '';","                    }","                });","            }","            switch (event && event.currentTarget && event.currentTarget.id) {","            case 'testRunButton1':","                // show tests","                if (document.querySelector('#testReportDiv1').style.display === 'none') {","                    document.querySelector('#testReportDiv1').style.display = 'block';","                    document.querySelector('#testRunButton1').textContent =","                        'hide internal test';","                    local.modeTest = true;","                    local.testRunDefault(local);","                // hide tests","                } else {","                    document.querySelector('#testReportDiv1').style.display = 'none';","                    document.querySelector('#testRunButton1').textContent = 'run internal test';","                }","                break;","            // custom-case","            default:","                break;","            }","            if (document.querySelector('#inputTextareaEval1') && (!event || (event &&","                    event.currentTarget &&","                    event.currentTarget.className &&","                    event.currentTarget.className.includes &&","                    event.currentTarget.className.includes('oneval')))) {","                // try to eval input-code","                try {","                    /*jslint evil: true*/","                    eval(document.querySelector('#inputTextareaEval1').value);","                } catch (errorCaught) {","                    console.error(errorCaught);","                }","            }","        };","        // log stderr and stdout to #outputTextareaStdout1","        ['error', 'log'].forEach(function (key) {","            console[key + '_original'] = console[key];","            console[key] = function () {","                var element;","                console[key + '_original'].apply(console, arguments);","                element = document.querySelector('#outputTextareaStdout1');","                if (!element) {","                    return;","                }","                // append text to #outputTextareaStdout1","                element.value += Array.from(arguments).map(function (arg) {","                    return typeof arg === 'string'","                        ? arg","                        : JSON.stringify(arg, null, 4);","                }).join(' ') + '\\n';","                // scroll textarea to bottom","                element.scrollTop = element.scrollHeight;","            };","        });","        // init event-handling","        ['change', 'click', 'keyup'].forEach(function (event) {","            Array.from(document.querySelectorAll('.on' + event)).forEach(function (element) {","                element.addEventListener(event, local.testRunBrowser);","            });","        });","        // run tests","        local.testRunBrowser();","        break;","","","","    // run node js-env code - init-after","    /* istanbul ignore next */","    case 'node':","        // export local","        module.exports = local;","        // require modules","        local.fs = require('fs');","        local.http = require('http');","        local.url = require('url');","        // init assets","        local.assetsDict = local.assetsDict || {};","        /* jslint-ignore-begin */","        local.assetsDict['/assets.index.template.html'] = '\\","<!doctype html>\\n\\","<html lang=\"en\">\\n\\","<head>\\n\\","<meta charset=\"UTF-8\">\\n\\","<meta name=\"viewport\" content=\"width=device-width, initial-scale=1\">\\n\\","<title>{{env.npm_package_name}} (v{{env.npm_package_version}})</title>\\n\\","<style>\\n\\","/*csslint\\n\\","    box-sizing: false,\\n\\","    universal-selector: false\\n\\","*/\\n\\","* {\\n\\","    box-sizing: border-box;\\n\\","}\\n\\","body {\\n\\","    background: #dde;\\n\\","    font-family: Arial, Helvetica, sans-serif;\\n\\","    margin: 2rem;\\n\\","}\\n\\","body > * {\\n\\","    margin-bottom: 1rem;\\n\\","}\\n\\",".utility2FooterDiv {\\n\\","    margin-top: 20px;\\n\\","    text-align: center;\\n\\","}\\n\\","</style>\\n\\","<style>\\n\\","/*csslint\\n\\","*/\\n\\","textarea {\\n\\","    font-family: monospace;\\n\\","    height: 10rem;\\n\\","    width: 100%;\\n\\","}\\n\\","textarea[readonly] {\\n\\","    background: #ddd;\\n\\","}\\n\\","</style>\\n\\","</head>\\n\\","<body>\\n\\","<!-- utility2-comment\\n\\","<div id=\"ajaxProgressDiv1\" style=\"background: #d00; height: 2px; left: 0; margin: 0; padding: 0; position: fixed; top: 0; transition: background 0.5s, width 1.5s; width: 25%;\"></div>\\n\\","utility2-comment -->\\n\\","<h1>\\n\\","<!-- utility2-comment\\n\\","    <a\\n\\","        {{#if env.npm_package_homepage}}\\n\\","        href=\"{{env.npm_package_homepage}}\"\\n\\","        {{/if env.npm_package_homepage}}\\n\\","        target=\"_blank\"\\n\\","    >\\n\\","utility2-comment -->\\n\\","        {{env.npm_package_name}} (v{{env.npm_package_version}})\\n\\","<!-- utility2-comment\\n\\","    </a>\\n\\","utility2-comment -->\\n\\","</h1>\\n\\","<h3>{{env.npm_package_description}}</h3>\\n\\","<!-- utility2-comment\\n\\","<h4><a download href=\"assets.app.js\">download standalone app</a></h4>\\n\\","<button class=\"onclick onreset\" id=\"testRunButton1\">run internal test</button><br>\\n\\","<div id=\"testReportDiv1\" style=\"display: none;\"></div>\\n\\","utility2-comment -->\\n\\","\\n\\","\\n\\","\\n\\","<label>stderr and stdout</label>\\n\\","<textarea class=\"resettable\" id=\"outputTextareaStdout1\" readonly></textarea>\\n\\","<!-- utility2-comment\\n\\","{{#if isRollup}}\\n\\","<script src=\"assets.app.js\"></script>\\n\\","{{#unless isRollup}}\\n\\","utility2-comment -->\\n\\","<script src=\"assets.utility2.rollup.js\"></script>\\n\\","<script src=\"jsonp.utility2._stateInit?callback=window.utility2._stateInit\"></script>\\n\\","<script src=\"assets.npmtest_long.rollup.js\"></script>\\n\\","<script src=\"assets.example.js\"></script>\\n\\","<script src=\"assets.test.js\"></script>\\n\\","<!-- utility2-comment\\n\\","{{/if isRollup}}\\n\\","utility2-comment -->\\n\\","<div class=\"utility2FooterDiv\">\\n\\","    [ this app was created with\\n\\","    <a href=\"https://github.com/kaizhu256/node-utility2\" target=\"_blank\">utility2</a>\\n\\","    ]\\n\\","</div>\\n\\","</body>\\n\\","</html>\\n\\","';","        /* jslint-ignore-end */","        if (local.templateRender) {","            local.assetsDict['/'] = local.templateRender(","                local.assetsDict['/assets.index.template.html'],","                {","                    env: local.objectSetDefault(local.env, {","                        npm_package_description: 'the greatest app in the world!',","                        npm_package_name: 'my-app',","                        npm_package_nameAlias: 'my_app',","                        npm_package_version: '0.0.1'","                    })","                }","            );","        } else {","            local.assetsDict['/'] = local.assetsDict['/assets.index.template.html']","                .replace((/\\{\\{env\\.(\\w+?)\\}\\}/g), function (match0, match1) {","                    // jslint-hack","                    String(match0);","                    switch (match1) {","                    case 'npm_package_description':","                        return 'the greatest app in the world!';","                    case 'npm_package_name':","                        return 'my-app';","                    case 'npm_package_nameAlias':","                        return 'my_app';","                    case 'npm_package_version':","                        return '0.0.1';","                    }","                });","        }","        // run the cli","        if (local.global.utility2_rollup || module !== require.main) {","            break;","        }","        local.assetsDict['/assets.example.js'] =","            local.assetsDict['/assets.example.js'] ||","            local.fs.readFileSync(__filename, 'utf8');","        // bug-workaround - long $npm_package_buildCustomOrg","        /* jslint-ignore-begin */","        local.assetsDict['/assets.npmtest_long.rollup.js'] =","            local.assetsDict['/assets.npmtest_long.rollup.js'] ||","            local.fs.readFileSync(","                local.npmtest_long.__dirname + '/lib.npmtest_long.js',","                'utf8'","            ).replace((/^#!/), '//');","        /* jslint-ignore-end */","        local.assetsDict['/favicon.ico'] = local.assetsDict['/favicon.ico'] || '';","        // if $npm_config_timeout_exit exists,","        // then exit this process after $npm_config_timeout_exit ms","        if (Number(process.env.npm_config_timeout_exit)) {","            setTimeout(process.exit, Number(process.env.npm_config_timeout_exit));","        }","        // start server","        if (local.global.utility2_serverHttp1) {","            break;","        }","        process.env.PORT = process.env.PORT || '8081';","        console.error('server starting on port ' + process.env.PORT);","        local.http.createServer(function (request, response) {","            request.urlParsed = local.url.parse(request.url);","            if (local.assetsDict[request.urlParsed.pathname] !== undefined) {","                response.end(local.assetsDict[request.urlParsed.pathname]);","                return;","            }","            response.statusCode = 404;","            response.end();","        }).listen(process.env.PORT);","        break;","    }","}());",""],"l":{"26":2,"28":2,"33":2,"35":2,"37":2,"38":2,"39":2,"44":1,"51":2,"55":2,"59":2,"61":2,"69":1,"70":2,"76":2,"79":2,"82":2,"83":2,"85":1,"89":2,"92":1,"93":1,"94":1,"96":1,"97":1,"100":1,"101":1,"103":1,"106":1,"108":2,"114":1,"116":1,"118":1,"123":1,"124":2,"125":2,"126":3,"127":3,"128":3,"129":3,"130":1,"133":3,"134":3,"139":3,"143":1,"144":3,"145":1,"149":1,"150":1,"158":1,"160":1,"161":1,"162":1,"164":1,"166":1,"258":1,"259":1,"271":1,"274":6,"275":6,"277":1,"279":2,"281":1,"283":2,"288":1,"289":1,"291":1,"296":1,"303":1,"306":1,"307":1,"310":1,"311":1,"313":1,"314":1,"315":1,"316":1,"317":1,"318":1,"319":1,"321":1,"322":1,"324":1}},"/home/travis/build/npmtest/node-npmtest-long/node_modules/long/dist/long.js":{"path":"/home/travis/build/npmtest/node-npmtest-long/node_modules/long/dist/long.js","s":{"1":1,"2":1,"3":0,"4":1,"5":1,"6":0,"7":1,"8":9,"9":9,"10":9,"11":1,"12":1,"13":1,"14":0,"15":1,"16":1,"17":1,"18":1,"19":6,"20":6,"21":2,"22":2,"23":2,"24":2,"25":0,"26":2,"27":2,"28":2,"29":2,"30":4,"31":4,"32":3,"33":3,"34":0,"35":4,"36":4,"37":3,"38":4,"39":1,"40":1,"41":0,"42":0,"43":0,"44":0,"45":0,"46":0,"47":0,"48":0,"49":0,"50":0,"51":0,"52":0,"53":0,"54":0,"55":1,"56":1,"57":9,"58":1,"59":1,"60":1,"61":0,"62":0,"63":0,"64":0,"65":0,"66":0,"67":0,"68":0,"69":0,"70":0,"71":0,"72":0,"73":0,"74":0,"75":0,"76":0,"77":0,"78":0,"79":0,"80":0,"81":0,"82":0,"83":0,"84":0,"85":0,"86":0,"87":1,"88":1,"89":0,"90":0,"91":0,"92":0,"93":0,"94":0,"95":0,"96":1,"97":1,"98":1,"99":1,"100":1,"101":1,"102":1,"103":1,"104":1,"105":1,"106":1,"107":1,"108":1,"109":1,"110":1,"111":1,"112":1,"113":1,"114":1,"115":1,"116":1,"117":1,"118":1,"119":1,"120":1,"121":0,"122":1,"123":0,"124":0,"125":0,"126":1,"127":0,"128":0,"129":0,"130":0,"131":0,"132":0,"133":0,"134":0,"135":0,"136":0,"137":0,"138":0,"139":0,"140":0,"141":0,"142":0,"143":0,"144":0,"145":0,"146":0,"147":1,"148":0,"149":1,"150":0,"151":1,"152":0,"153":1,"154":0,"155":1,"156":0,"157":0,"158":0,"159":0,"160":0,"161":0,"162":0,"163":1,"164":0,"165":1,"166":0,"167":1,"168":0,"169":1,"170":0,"171":1,"172":0,"173":1,"174":0,"175":0,"176":0,"177":0,"178":0,"179":1,"180":1,"181":0,"182":1,"183":1,"184":0,"185":1,"186":1,"187":0,"188":1,"189":1,"190":0,"191":1,"192":1,"193":0,"194":1,"195":1,"196":0,"197":0,"198":0,"199":0,"200":0,"201":0,"202":0,"203":0,"204":0,"205":0,"206":0,"207":0,"208":1,"209":1,"210":0,"211":0,"212":0,"213":1,"214":1,"215":0,"216":0,"217":0,"218":0,"219":0,"220":0,"221":0,"222":0,"223":0,"224":0,"225":0,"226":0,"227":0,"228":0,"229":0,"230":0,"231":0,"232":0,"233":0,"234":0,"235":0,"236":0,"237":0,"238":1,"239":0,"240":0,"241":0,"242":1,"243":1,"244":0,"245":0,"246":0,"247":0,"248":0,"249":0,"250":0,"251":0,"252":0,"253":0,"254":0,"255":0,"256":0,"257":0,"258":0,"259":0,"260":0,"261":0,"262":0,"263":0,"264":0,"265":0,"266":0,"267":0,"268":0,"269":0,"270":0,"271":0,"272":0,"273":0,"274":0,"275":0,"276":0,"277":0,"278":0,"279":0,"280":0,"281":0,"282":0,"283":0,"284":0,"285":0,"286":0,"287":0,"288":0,"289":0,"290":0,"291":0,"292":1,"293":1,"294":0,"295":0,"296":0,"297":0,"298":0,"299":0,"300":0,"301":0,"302":0,"303":0,"304":0,"305":0,"306":0,"307":0,"308":0,"309":0,"310":0,"311":0,"312":0,"313":0,"314":0,"315":0,"316":0,"317":0,"318":0,"319":0,"320":0,"321":0,"322":0,"323":0,"324":0,"325":0,"326":0,"327":0,"328":0,"329":0,"330":0,"331":0,"332":0,"333":0,"334":0,"335":0,"336":0,"337":0,"338":0,"339":0,"340":0,"341":0,"342":0,"343":1,"344":1,"345":0,"346":0,"347":0,"348":1,"349":1,"350":0,"351":1,"352":0,"353":0,"354":0,"355":1,"356":0,"357":0,"358":0,"359":1,"360":0,"361":0,"362":0,"363":1,"364":0,"365":0,"366":0,"367":0,"368":0,"369":0,"370":0,"371":1,"372":1,"373":0,"374":0,"375":0,"376":0,"377":0,"378":0,"379":0,"380":1,"381":1,"382":0,"383":0,"384":0,"385":0,"386":0,"387":0,"388":0,"389":0,"390":0,"391":0,"392":0,"393":0,"394":1,"395":1,"396":0,"397":0,"398":0,"399":1,"400":0,"401":0,"402":0,"403":1,"404":0,"405":1,"406":0,"407":0,"408":1,"409":0,"410":0,"411":1},"b":{"1":[0,1],"2":[1,0],"3":[1,0],"4":[1,1,1,1],"5":[0,0],"6":[0,0],"7":[2,4],"8":[2,0],"9":[2,2],"10":[0,2],"11":[0,2],"12":[2,0],"13":[3,1],"14":[4,4],"15":[0,3],"16":[1,3],"17":[3,1],"18":[0,0],"19":[0,0],"20":[0,0],"21":[0,0],"22":[0,0],"23":[0,0],"24":[0,0],"25":[0,0],"26":[0,0],"27":[0,0],"28":[0,0],"29":[0,0,0,0],"30":[0,0],"31":[0,0],"32":[0,0],"33":[0,0],"34":[0,0],"35":[0,0],"36":[0,0],"37":[0,0],"38":[0,0],"39":[0,0],"40":[0,0],"41":[0,0],"42":[0,0],"43":[0,0],"44":[0,0],"45":[0,0],"46":[0,0],"47":[0,0],"48":[0,0],"49":[0,0],"50":[0,0],"51":[0,0],"52":[0,0],"53":[0,0],"54":[0,0],"55":[0,0],"56":[0,0],"57":[0,0],"58":[0,0],"59":[0,0,0],"60":[0,0],"61":[0,0],"62":[0,0],"63":[0,0],"64":[0,0],"65":[0,0],"66":[0,0],"67":[0,0],"68":[0,0],"69":[0,0],"70":[0,0,0],"71":[0,0],"72":[0,0],"73":[0,0],"74":[0,0],"75":[0,0],"76":[0,0],"77":[0,0],"78":[0,0],"79":[0,0],"80":[0,0],"81":[0,0],"82":[0,0],"83":[0,0],"84":[0,0],"85":[0,0],"86":[0,0],"87":[0,0],"88":[0,0],"89":[0,0],"90":[0,0],"91":[0,0],"92":[0,0],"93":[0,0],"94":[0,0],"95":[0,0],"96":[0,0],"97":[0,0],"98":[0,0],"99":[0,0],"100":[0,0],"101":[0,0],"102":[0,0],"103":[0,0],"104":[0,0],"105":[0,0],"106":[0,0],"107":[0,0],"108":[0,0],"109":[0,0],"110":[0,0],"111":[0,0],"112":[0,0],"113":[0,0],"114":[0,0],"115":[0,0],"116":[0,0],"117":[0,0],"118":[0,0],"119":[0,0],"120":[0,0],"121":[0,0],"122":[0,0],"123":[0,0],"124":[0,0],"125":[0,0],"126":[0,0]},"f":{"1":1,"2":1,"3":9,"4":0,"5":6,"6":0,"7":9,"8":0,"9":0,"10":0,"11":0,"12":0,"13":0,"14":0,"15":0,"16":0,"17":0,"18":0,"19":0,"20":0,"21":0,"22":0,"23":0,"24":0,"25":0,"26":0,"27":0,"28":0,"29":0,"30":0,"31":0,"32":0,"33":0,"34":0,"35":0,"36":0,"37":0,"38":0,"39":0,"40":0,"41":0,"42":0,"43":0,"44":0,"45":0,"46":0,"47":0},"fnMap":{"1":{"name":"(anonymous_1)","line":23,"loc":{"start":{"line":23,"column":1},"end":{"line":23,"column":27}}},"2":{"name":"(anonymous_2)","line":32,"loc":{"start":{"line":32,"column":9},"end":{"line":32,"column":20}}},"3":{"name":"Long","line":45,"loc":{"start":{"line":45,"column":4},"end":{"line":45,"column":39}}},"4":{"name":"isLong","line":103,"loc":{"start":{"line":103,"column":4},"end":{"line":103,"column":25}}},"5":{"name":"fromInt","line":135,"loc":{"start":{"line":135,"column":4},"end":{"line":135,"column":38}}},"6":{"name":"fromNumber","line":177,"loc":{"start":{"line":177,"column":4},"end":{"line":177,"column":41}}},"7":{"name":"fromBits","line":212,"loc":{"start":{"line":212,"column":4},"end":{"line":212,"column":51}}},"8":{"name":"fromString","line":243,"loc":{"start":{"line":243,"column":4},"end":{"line":243,"column":46}}},"9":{"name":"fromValue","line":302,"loc":{"start":{"line":302,"column":4},"end":{"line":302,"column":28}}},"10":{"name":"toInt","line":472,"loc":{"start":{"line":472,"column":26},"end":{"line":472,"column":43}}},"11":{"name":"toNumber","line":480,"loc":{"start":{"line":480,"column":29},"end":{"line":480,"column":49}}},"12":{"name":"toString","line":493,"loc":{"start":{"line":493,"column":29},"end":{"line":493,"column":54}}},"13":{"name":"getHighBits","line":535,"loc":{"start":{"line":535,"column":32},"end":{"line":535,"column":55}}},"14":{"name":"getHighBitsUnsigned","line":543,"loc":{"start":{"line":543,"column":40},"end":{"line":543,"column":71}}},"15":{"name":"getLowBits","line":551,"loc":{"start":{"line":551,"column":31},"end":{"line":551,"column":53}}},"16":{"name":"getLowBitsUnsigned","line":559,"loc":{"start":{"line":559,"column":39},"end":{"line":559,"column":69}}},"17":{"name":"getNumBitsAbs","line":567,"loc":{"start":{"line":567,"column":34},"end":{"line":567,"column":59}}},"18":{"name":"isZero","line":581,"loc":{"start":{"line":581,"column":27},"end":{"line":581,"column":45}}},"19":{"name":"isNegative","line":589,"loc":{"start":{"line":589,"column":31},"end":{"line":589,"column":53}}},"20":{"name":"isPositive","line":597,"loc":{"start":{"line":597,"column":31},"end":{"line":597,"column":53}}},"21":{"name":"isOdd","line":605,"loc":{"start":{"line":605,"column":26},"end":{"line":605,"column":43}}},"22":{"name":"isEven","line":613,"loc":{"start":{"line":613,"column":27},"end":{"line":613,"column":45}}},"23":{"name":"equals","line":622,"loc":{"start":{"line":622,"column":27},"end":{"line":622,"column":50}}},"24":{"name":"notEquals","line":643,"loc":{"start":{"line":643,"column":30},"end":{"line":643,"column":56}}},"25":{"name":"lessThan","line":660,"loc":{"start":{"line":660,"column":29},"end":{"line":660,"column":54}}},"26":{"name":"lessThanOrEqual","line":677,"loc":{"start":{"line":677,"column":36},"end":{"line":677,"column":68}}},"27":{"name":"greaterThan","line":694,"loc":{"start":{"line":694,"column":32},"end":{"line":694,"column":60}}},"28":{"name":"greaterThanOrEqual","line":711,"loc":{"start":{"line":711,"column":39},"end":{"line":711,"column":74}}},"29":{"name":"compare","line":729,"loc":{"start":{"line":729,"column":28},"end":{"line":729,"column":52}}},"30":{"name":"negate","line":760,"loc":{"start":{"line":760,"column":27},"end":{"line":760,"column":45}}},"31":{"name":"add","line":778,"loc":{"start":{"line":778,"column":24},"end":{"line":778,"column":45}}},"32":{"name":"subtract","line":814,"loc":{"start":{"line":814,"column":29},"end":{"line":814,"column":59}}},"33":{"name":"multiply","line":833,"loc":{"start":{"line":833,"column":29},"end":{"line":833,"column":59}}},"34":{"name":"divide","line":908,"loc":{"start":{"line":908,"column":27},"end":{"line":908,"column":52}}},"35":{"name":"modulo","line":1007,"loc":{"start":{"line":1007,"column":27},"end":{"line":1007,"column":52}}},"36":{"name":"not","line":1025,"loc":{"start":{"line":1025,"column":24},"end":{"line":1025,"column":39}}},"37":{"name":"and","line":1034,"loc":{"start":{"line":1034,"column":24},"end":{"line":1034,"column":44}}},"38":{"name":"or","line":1045,"loc":{"start":{"line":1045,"column":23},"end":{"line":1045,"column":42}}},"39":{"name":"xor","line":1056,"loc":{"start":{"line":1056,"column":24},"end":{"line":1056,"column":44}}},"40":{"name":"shiftLeft","line":1067,"loc":{"start":{"line":1067,"column":30},"end":{"line":1067,"column":58}}},"41":{"name":"shiftRight","line":1091,"loc":{"start":{"line":1091,"column":31},"end":{"line":1091,"column":60}}},"42":{"name":"shiftRightUnsigned","line":1115,"loc":{"start":{"line":1115,"column":39},"end":{"line":1115,"column":76}}},"43":{"name":"toSigned","line":1145,"loc":{"start":{"line":1145,"column":29},"end":{"line":1145,"column":49}}},"44":{"name":"toUnsigned","line":1155,"loc":{"start":{"line":1155,"column":31},"end":{"line":1155,"column":53}}},"45":{"name":"(anonymous_45)","line":1166,"loc":{"start":{"line":1166,"column":28},"end":{"line":1166,"column":41}}},"46":{"name":"(anonymous_46)","line":1174,"loc":{"start":{"line":1174,"column":30},"end":{"line":1174,"column":41}}},"47":{"name":"(anonymous_47)","line":1193,"loc":{"start":{"line":1193,"column":30},"end":{"line":1193,"column":41}}}},"statementMap":{"1":{"start":{"line":23,"column":0},"end":{"line":1209,"column":3}},"2":{"start":{"line":25,"column":14},"end":{"line":30,"column":74}},"3":{"start":{"line":26,"column":8},"end":{"line":26,"column":28}},"4":{"start":{"line":27,"column":24},"end":{"line":30,"column":74}},"5":{"start":{"line":28,"column":8},"end":{"line":28,"column":38}},"6":{"start":{"line":30,"column":8},"end":{"line":30,"column":74}},"7":{"start":{"line":45,"column":4},"end":{"line":64,"column":5}},"8":{"start":{"line":51,"column":8},"end":{"line":51,"column":27}},"9":{"start":{"line":57,"column":8},"end":{"line":57,"column":29}},"10":{"start":{"line":63,"column":8},"end":{"line":63,"column":35}},"11":{"start":{"line":89,"column":4},"end":{"line":89,"column":30}},"12":{"start":{"line":91,"column":4},"end":{"line":95,"column":7}},"13":{"start":{"line":103,"column":4},"end":{"line":105,"column":5}},"14":{"start":{"line":104,"column":8},"end":{"line":104,"column":51}},"15":{"start":{"line":113,"column":4},"end":{"line":113,"column":25}},"16":{"start":{"line":120,"column":4},"end":{"line":120,"column":23}},"17":{"start":{"line":127,"column":4},"end":{"line":127,"column":24}},"18":{"start":{"line":135,"column":4},"end":{"line":160,"column":5}},"19":{"start":{"line":136,"column":8},"end":{"line":136,"column":34}},"20":{"start":{"line":137,"column":8},"end":{"line":159,"column":9}},"21":{"start":{"line":138,"column":12},"end":{"line":138,"column":25}},"22":{"start":{"line":139,"column":12},"end":{"line":143,"column":13}},"23":{"start":{"line":140,"column":16},"end":{"line":140,"column":46}},"24":{"start":{"line":141,"column":16},"end":{"line":142,"column":37}},"25":{"start":{"line":142,"column":20},"end":{"line":142,"column":37}},"26":{"start":{"line":144,"column":12},"end":{"line":144,"column":66}},"27":{"start":{"line":145,"column":12},"end":{"line":146,"column":40}},"28":{"start":{"line":146,"column":16},"end":{"line":146,"column":40}},"29":{"start":{"line":147,"column":12},"end":{"line":147,"column":23}},"30":{"start":{"line":149,"column":12},"end":{"line":149,"column":23}},"31":{"start":{"line":150,"column":12},"end":{"line":154,"column":13}},"32":{"start":{"line":151,"column":16},"end":{"line":151,"column":45}},"33":{"start":{"line":152,"column":16},"end":{"line":153,"column":37}},"34":{"start":{"line":153,"column":20},"end":{"line":153,"column":37}},"35":{"start":{"line":155,"column":12},"end":{"line":155,"column":61}},"36":{"start":{"line":156,"column":12},"end":{"line":157,"column":39}},"37":{"start":{"line":157,"column":16},"end":{"line":157,"column":39}},"38":{"start":{"line":158,"column":12},"end":{"line":158,"column":23}},"39":{"start":{"line":169,"column":4},"end":{"line":169,"column":27}},"40":{"start":{"line":177,"column":4},"end":{"line":194,"column":5}},"41":{"start":{"line":178,"column":8},"end":{"line":179,"column":43}},"42":{"start":{"line":179,"column":12},"end":{"line":179,"column":43}},"43":{"start":{"line":180,"column":8},"end":{"line":190,"column":9}},"44":{"start":{"line":181,"column":12},"end":{"line":182,"column":29}},"45":{"start":{"line":182,"column":16},"end":{"line":182,"column":29}},"46":{"start":{"line":183,"column":12},"end":{"line":184,"column":42}},"47":{"start":{"line":184,"column":16},"end":{"line":184,"column":42}},"48":{"start":{"line":186,"column":12},"end":{"line":187,"column":33}},"49":{"start":{"line":187,"column":16},"end":{"line":187,"column":33}},"50":{"start":{"line":188,"column":12},"end":{"line":189,"column":33}},"51":{"start":{"line":189,"column":16},"end":{"line":189,"column":33}},"52":{"start":{"line":191,"column":8},"end":{"line":192,"column":54}},"53":{"start":{"line":192,"column":12},"end":{"line":192,"column":54}},"54":{"start":{"line":193,"column":8},"end":{"line":193,"column":94}},"55":{"start":{"line":203,"column":4},"end":{"line":203,"column":33}},"56":{"start":{"line":212,"column":4},"end":{"line":214,"column":5}},"57":{"start":{"line":213,"column":8},"end":{"line":213,"column":53}},"58":{"start":{"line":225,"column":4},"end":{"line":225,"column":29}},"59":{"start":{"line":234,"column":4},"end":{"line":234,"column":27}},"60":{"start":{"line":243,"column":4},"end":{"line":284,"column":5}},"61":{"start":{"line":244,"column":8},"end":{"line":245,"column":40}},"62":{"start":{"line":245,"column":12},"end":{"line":245,"column":40}},"63":{"start":{"line":246,"column":8},"end":{"line":247,"column":24}},"64":{"start":{"line":247,"column":12},"end":{"line":247,"column":24}},"65":{"start":{"line":248,"column":8},"end":{"line":254,"column":9}},"66":{"start":{"line":250,"column":12},"end":{"line":251,"column":29}},"67":{"start":{"line":253,"column":12},"end":{"line":253,"column":35}},"68":{"start":{"line":255,"column":8},"end":{"line":255,"column":28}},"69":{"start":{"line":256,"column":8},"end":{"line":257,"column":38}},"70":{"start":{"line":257,"column":12},"end":{"line":257,"column":38}},"71":{"start":{"line":259,"column":8},"end":{"line":259,"column":14}},"72":{"start":{"line":260,"column":8},"end":{"line":264,"column":9}},"73":{"start":{"line":261,"column":12},"end":{"line":261,"column":43}},"74":{"start":{"line":262,"column":13},"end":{"line":264,"column":9}},"75":{"start":{"line":263,"column":12},"end":{"line":263,"column":71}},"76":{"start":{"line":268,"column":8},"end":{"line":268,"column":57}},"77":{"start":{"line":270,"column":8},"end":{"line":270,"column":26}},"78":{"start":{"line":271,"column":8},"end":{"line":281,"column":9}},"79":{"start":{"line":272,"column":12},"end":{"line":273,"column":68}},"80":{"start":{"line":274,"column":12},"end":{"line":280,"column":13}},"81":{"start":{"line":275,"column":16},"end":{"line":275,"column":61}},"82":{"start":{"line":276,"column":16},"end":{"line":276,"column":66}},"83":{"start":{"line":278,"column":16},"end":{"line":278,"column":50}},"84":{"start":{"line":279,"column":16},"end":{"line":279,"column":55}},"85":{"start":{"line":282,"column":8},"end":{"line":282,"column":35}},"86":{"start":{"line":283,"column":8},"end":{"line":283,"column":22}},"87":{"start":{"line":294,"column":4},"end":{"line":294,"column":33}},"88":{"start":{"line":302,"column":4},"end":{"line":311,"column":5}},"89":{"start":{"line":303,"column":8},"end":{"line":304,"column":23}},"90":{"start":{"line":304,"column":12},"end":{"line":304,"column":23}},"91":{"start":{"line":305,"column":8},"end":{"line":306,"column":35}},"92":{"start":{"line":306,"column":12},"end":{"line":306,"column":35}},"93":{"start":{"line":307,"column":8},"end":{"line":308,"column":35}},"94":{"start":{"line":308,"column":12},"end":{"line":308,"column":35}},"95":{"start":{"line":310,"column":8},"end":{"line":310,"column":57}},"96":{"start":{"line":319,"column":4},"end":{"line":319,"column":31}},"97":{"start":{"line":329,"column":4},"end":{"line":329,"column":33}},"98":{"start":{"line":336,"column":4},"end":{"line":336,"column":33}},"99":{"start":{"line":343,"column":4},"end":{"line":343,"column":57}},"100":{"start":{"line":350,"column":4},"end":{"line":350,"column":57}},"101":{"start":{"line":357,"column":4},"end":{"line":357,"column":44}},"102":{"start":{"line":364,"column":4},"end":{"line":364,"column":45}},"103":{"start":{"line":370,"column":4},"end":{"line":370,"column":26}},"104":{"start":{"line":376,"column":4},"end":{"line":376,"column":21}},"105":{"start":{"line":382,"column":4},"end":{"line":382,"column":33}},"106":{"start":{"line":388,"column":4},"end":{"line":388,"column":23}},"107":{"start":{"line":394,"column":4},"end":{"line":394,"column":25}},"108":{"start":{"line":400,"column":4},"end":{"line":400,"column":19}},"109":{"start":{"line":406,"column":4},"end":{"line":406,"column":32}},"110":{"start":{"line":412,"column":4},"end":{"line":412,"column":21}},"111":{"start":{"line":418,"column":4},"end":{"line":418,"column":30}},"112":{"start":{"line":424,"column":4},"end":{"line":424,"column":27}},"113":{"start":{"line":430,"column":4},"end":{"line":430,"column":64}},"114":{"start":{"line":436,"column":4},"end":{"line":436,"column":31}},"115":{"start":{"line":442,"column":4},"end":{"line":442,"column":72}},"116":{"start":{"line":448,"column":4},"end":{"line":448,"column":49}},"117":{"start":{"line":454,"column":4},"end":{"line":454,"column":53}},"118":{"start":{"line":460,"column":4},"end":{"line":460,"column":31}},"119":{"start":{"line":466,"column":4},"end":{"line":466,"column":39}},"120":{"start":{"line":472,"column":4},"end":{"line":474,"column":6}},"121":{"start":{"line":473,"column":8},"end":{"line":473,"column":57}},"122":{"start":{"line":480,"column":4},"end":{"line":484,"column":6}},"123":{"start":{"line":481,"column":8},"end":{"line":482,"column":75}},"124":{"start":{"line":482,"column":12},"end":{"line":482,"column":75}},"125":{"start":{"line":483,"column":8},"end":{"line":483,"column":61}},"126":{"start":{"line":493,"column":4},"end":{"line":529,"column":6}},"127":{"start":{"line":494,"column":8},"end":{"line":494,"column":28}},"128":{"start":{"line":495,"column":8},"end":{"line":496,"column":38}},"129":{"start":{"line":496,"column":12},"end":{"line":496,"column":38}},"130":{"start":{"line":497,"column":8},"end":{"line":498,"column":23}},"131":{"start":{"line":498,"column":12},"end":{"line":498,"column":23}},"132":{"start":{"line":499,"column":8},"end":{"line":509,"column":9}},"133":{"start":{"line":500,"column":12},"end":{"line":508,"column":56}},"134":{"start":{"line":503,"column":16},"end":{"line":505,"column":56}},"135":{"start":{"line":506,"column":16},"end":{"line":506,"column":74}},"136":{"start":{"line":508,"column":16},"end":{"line":508,"column":56}},"137":{"start":{"line":513,"column":8},"end":{"line":514,"column":23}},"138":{"start":{"line":515,"column":8},"end":{"line":515,"column":24}},"139":{"start":{"line":516,"column":8},"end":{"line":528,"column":9}},"140":{"start":{"line":517,"column":12},"end":{"line":519,"column":48}},"141":{"start":{"line":520,"column":12},"end":{"line":520,"column":25}},"142":{"start":{"line":521,"column":12},"end":{"line":527,"column":13}},"143":{"start":{"line":522,"column":16},"end":{"line":522,"column":39}},"144":{"start":{"line":524,"column":16},"end":{"line":525,"column":42}},"145":{"start":{"line":525,"column":20},"end":{"line":525,"column":42}},"146":{"start":{"line":526,"column":16},"end":{"line":526,"column":46}},"147":{"start":{"line":535,"column":4},"end":{"line":537,"column":6}},"148":{"start":{"line":536,"column":8},"end":{"line":536,"column":25}},"149":{"start":{"line":543,"column":4},"end":{"line":545,"column":6}},"150":{"start":{"line":544,"column":8},"end":{"line":544,"column":31}},"151":{"start":{"line":551,"column":4},"end":{"line":553,"column":6}},"152":{"start":{"line":552,"column":8},"end":{"line":552,"column":24}},"153":{"start":{"line":559,"column":4},"end":{"line":561,"column":6}},"154":{"start":{"line":560,"column":8},"end":{"line":560,"column":30}},"155":{"start":{"line":567,"column":4},"end":{"line":575,"column":6}},"156":{"start":{"line":568,"column":8},"end":{"line":569,"column":72}},"157":{"start":{"line":569,"column":12},"end":{"line":569,"column":72}},"158":{"start":{"line":570,"column":8},"end":{"line":570,"column":56}},"159":{"start":{"line":571,"column":8},"end":{"line":573,"column":22}},"160":{"start":{"line":572,"column":12},"end":{"line":573,"column":22}},"161":{"start":{"line":573,"column":16},"end":{"line":573,"column":22}},"162":{"start":{"line":574,"column":8},"end":{"line":574,"column":51}},"163":{"start":{"line":581,"column":4},"end":{"line":583,"column":6}},"164":{"start":{"line":582,"column":8},"end":{"line":582,"column":49}},"165":{"start":{"line":589,"column":4},"end":{"line":591,"column":6}},"166":{"start":{"line":590,"column":8},"end":{"line":590,"column":47}},"167":{"start":{"line":597,"column":4},"end":{"line":599,"column":6}},"168":{"start":{"line":598,"column":8},"end":{"line":598,"column":47}},"169":{"start":{"line":605,"column":4},"end":{"line":607,"column":6}},"170":{"start":{"line":606,"column":8},"end":{"line":606,"column":36}},"171":{"start":{"line":613,"column":4},"end":{"line":615,"column":6}},"172":{"start":{"line":614,"column":8},"end":{"line":614,"column":36}},"173":{"start":{"line":622,"column":4},"end":{"line":628,"column":6}},"174":{"start":{"line":623,"column":8},"end":{"line":624,"column":37}},"175":{"start":{"line":624,"column":12},"end":{"line":624,"column":37}},"176":{"start":{"line":625,"column":8},"end":{"line":626,"column":25}},"177":{"start":{"line":626,"column":12},"end":{"line":626,"column":25}},"178":{"start":{"line":627,"column":8},"end":{"line":627,"column":66}},"179":{"start":{"line":636,"column":4},"end":{"line":636,"column":44}},"180":{"start":{"line":643,"column":4},"end":{"line":645,"column":6}},"181":{"start":{"line":644,"column":8},"end":{"line":644,"column":47}},"182":{"start":{"line":653,"column":4},"end":{"line":653,"column":48}},"183":{"start":{"line":660,"column":4},"end":{"line":662,"column":6}},"184":{"start":{"line":661,"column":8},"end":{"line":661,"column":52}},"185":{"start":{"line":670,"column":4},"end":{"line":670,"column":46}},"186":{"start":{"line":677,"column":4},"end":{"line":679,"column":6}},"187":{"start":{"line":678,"column":8},"end":{"line":678,"column":53}},"188":{"start":{"line":687,"column":4},"end":{"line":687,"column":54}},"189":{"start":{"line":694,"column":4},"end":{"line":696,"column":6}},"190":{"start":{"line":695,"column":8},"end":{"line":695,"column":52}},"191":{"start":{"line":704,"column":4},"end":{"line":704,"column":49}},"192":{"start":{"line":711,"column":4},"end":{"line":713,"column":6}},"193":{"start":{"line":712,"column":8},"end":{"line":712,"column":53}},"194":{"start":{"line":721,"column":4},"end":{"line":721,"column":57}},"195":{"start":{"line":729,"column":4},"end":{"line":745,"column":6}},"196":{"start":{"line":730,"column":8},"end":{"line":731,"column":37}},"197":{"start":{"line":731,"column":12},"end":{"line":731,"column":37}},"198":{"start":{"line":732,"column":8},"end":{"line":733,"column":21}},"199":{"start":{"line":733,"column":12},"end":{"line":733,"column":21}},"200":{"start":{"line":734,"column":8},"end":{"line":735,"column":42}},"201":{"start":{"line":736,"column":8},"end":{"line":737,"column":22}},"202":{"start":{"line":737,"column":12},"end":{"line":737,"column":22}},"203":{"start":{"line":738,"column":8},"end":{"line":739,"column":21}},"204":{"start":{"line":739,"column":12},"end":{"line":739,"column":21}},"205":{"start":{"line":741,"column":8},"end":{"line":742,"column":57}},"206":{"start":{"line":742,"column":12},"end":{"line":742,"column":57}},"207":{"start":{"line":744,"column":8},"end":{"line":744,"column":133}},"208":{"start":{"line":754,"column":4},"end":{"line":754,"column":47}},"209":{"start":{"line":760,"column":4},"end":{"line":764,"column":6}},"210":{"start":{"line":761,"column":8},"end":{"line":762,"column":29}},"211":{"start":{"line":762,"column":12},"end":{"line":762,"column":29}},"212":{"start":{"line":763,"column":8},"end":{"line":763,"column":35}},"213":{"start":{"line":771,"column":4},"end":{"line":771,"column":45}},"214":{"start":{"line":778,"column":4},"end":{"line":807,"column":6}},"215":{"start":{"line":779,"column":8},"end":{"line":780,"column":39}},"216":{"start":{"line":780,"column":12},"end":{"line":780,"column":39}},"217":{"start":{"line":784,"column":8},"end":{"line":784,"column":35}},"218":{"start":{"line":785,"column":8},"end":{"line":785,"column":37}},"219":{"start":{"line":786,"column":8},"end":{"line":786,"column":34}},"220":{"start":{"line":787,"column":8},"end":{"line":787,"column":36}},"221":{"start":{"line":789,"column":8},"end":{"line":789,"column":37}},"222":{"start":{"line":790,"column":8},"end":{"line":790,"column":39}},"223":{"start":{"line":791,"column":8},"end":{"line":791,"column":36}},"224":{"start":{"line":792,"column":8},"end":{"line":792,"column":38}},"225":{"start":{"line":794,"column":8},"end":{"line":794,"column":47}},"226":{"start":{"line":795,"column":8},"end":{"line":795,"column":25}},"227":{"start":{"line":796,"column":8},"end":{"line":796,"column":26}},"228":{"start":{"line":797,"column":8},"end":{"line":797,"column":22}},"229":{"start":{"line":798,"column":8},"end":{"line":798,"column":25}},"230":{"start":{"line":799,"column":8},"end":{"line":799,"column":26}},"231":{"start":{"line":800,"column":8},"end":{"line":800,"column":22}},"232":{"start":{"line":801,"column":8},"end":{"line":801,"column":25}},"233":{"start":{"line":802,"column":8},"end":{"line":802,"column":26}},"234":{"start":{"line":803,"column":8},"end":{"line":803,"column":22}},"235":{"start":{"line":804,"column":8},"end":{"line":804,"column":25}},"236":{"start":{"line":805,"column":8},"end":{"line":805,"column":22}},"237":{"start":{"line":806,"column":8},"end":{"line":806,"column":77}},"238":{"start":{"line":814,"column":4},"end":{"line":818,"column":6}},"239":{"start":{"line":815,"column":8},"end":{"line":816,"column":47}},"240":{"start":{"line":816,"column":12},"end":{"line":816,"column":47}},"241":{"start":{"line":817,"column":8},"end":{"line":817,"column":42}},"242":{"start":{"line":826,"column":4},"end":{"line":826,"column":47}},"243":{"start":{"line":833,"column":4},"end":{"line":892,"column":6}},"244":{"start":{"line":834,"column":8},"end":{"line":835,"column":24}},"245":{"start":{"line":835,"column":12},"end":{"line":835,"column":24}},"246":{"start":{"line":836,"column":8},"end":{"line":837,"column":47}},"247":{"start":{"line":837,"column":12},"end":{"line":837,"column":47}},"248":{"start":{"line":838,"column":8},"end":{"line":839,"column":24}},"249":{"start":{"line":839,"column":12},"end":{"line":839,"column":24}},"250":{"start":{"line":840,"column":8},"end":{"line":841,"column":57}},"251":{"start":{"line":841,"column":12},"end":{"line":841,"column":57}},"252":{"start":{"line":842,"column":8},"end":{"line":843,"column":51}},"253":{"start":{"line":843,"column":12},"end":{"line":843,"column":51}},"254":{"start":{"line":845,"column":8},"end":{"line":851,"column":52}},"255":{"start":{"line":846,"column":12},"end":{"line":849,"column":56}},"256":{"start":{"line":847,"column":16},"end":{"line":847,"column":56}},"257":{"start":{"line":849,"column":16},"end":{"line":849,"column":56}},"258":{"start":{"line":850,"column":15},"end":{"line":851,"column":52}},"259":{"start":{"line":851,"column":12},"end":{"line":851,"column":52}},"260":{"start":{"line":854,"column":8},"end":{"line":855,"column":86}},"261":{"start":{"line":855,"column":12},"end":{"line":855,"column":86}},"262":{"start":{"line":860,"column":8},"end":{"line":860,"column":35}},"263":{"start":{"line":861,"column":8},"end":{"line":861,"column":37}},"264":{"start":{"line":862,"column":8},"end":{"line":862,"column":34}},"265":{"start":{"line":863,"column":8},"end":{"line":863,"column":36}},"266":{"start":{"line":865,"column":8},"end":{"line":865,"column":41}},"267":{"start":{"line":866,"column":8},"end":{"line":866,"column":43}},"268":{"start":{"line":867,"column":8},"end":{"line":867,"column":40}},"269":{"start":{"line":868,"column":8},"end":{"line":868,"column":42}},"270":{"start":{"line":870,"column":8},"end":{"line":870,"column":47}},"271":{"start":{"line":871,"column":8},"end":{"line":871,"column":25}},"272":{"start":{"line":872,"column":8},"end":{"line":872,"column":26}},"273":{"start":{"line":873,"column":8},"end":{"line":873,"column":22}},"274":{"start":{"line":874,"column":8},"end":{"line":874,"column":25}},"275":{"start":{"line":875,"column":8},"end":{"line":875,"column":26}},"276":{"start":{"line":876,"column":8},"end":{"line":876,"column":22}},"277":{"start":{"line":877,"column":8},"end":{"line":877,"column":25}},"278":{"start":{"line":878,"column":8},"end":{"line":878,"column":26}},"279":{"start":{"line":879,"column":8},"end":{"line":879,"column":22}},"280":{"start":{"line":880,"column":8},"end":{"line":880,"colum
[...]
(anonymous_30)","line":259,"loc":{"start":{"line":259,"column":20},"end":{"line":259,"column":36}}},"31":{"name":"(anonymous_31)","line":265,"loc":{"start":{"line":265,"column":36},"end":{"line":265,"column":52}}},"32":{"name":"(anonymous_32)","line":271,"loc":{"start":{"line":271,"column":21},"end":{"line":271,"column":37}}},"33":{"name":"(anonymous_33)","line":277,"loc":{"start":{"line":277,"column":25},"end":{"line":277,"column":41}}},"34":{"name":"(anonymous_34)","line":283,"loc":{"start":{"line":283,"column":22},"end":{"line":283,"column":38}}},"35":{"name":"(anonymous_35)","line":288,"loc":{"start":{"line":288,"column":24},"end":{"line":288,"column":35}}},"36":{"name":"(anonymous_36)","line":293,"loc":{"start":{"line":293,"column":21},"end":{"line":293,"column":32}}},"37":{"name":"(anonymous_37)","line":299,"loc":{"start":{"line":299,"column":21},"end":{"line":299,"column":37}}},"38":{"name":"(anonymous_38)","line":305,"loc":{"start":{"line":305,"column":26},"end":{"line":305,"column":42}}},"39":{"name":"(anonymous_39)","line":311,"loc":{"start":{"line":311,"column":21},"end":{"line":311,"column":37}}},"40":{"name":"(anonymous_40)","line":317,"loc":{"start":{"line":317,"column":26},"end":{"line":317,"column":42}}},"41":{"name":"(anonymous_41)","line":323,"loc":{"start":{"line":323,"column":21},"end":{"line":323,"column":37}}},"42":{"name":"(anonymous_42)","line":329,"loc":{"start":{"line":329,"column":24},"end":{"line":329,"column":40}}},"43":{"name":"(anonymous_43)","line":335,"loc":{"start":{"line":335,"column":21},"end":{"line":335,"column":37}}},"44":{"name":"(anonymous_44)","line":341,"loc":{"start":{"line":341,"column":24},"end":{"line":341,"column":40}}},"45":{"name":"(anonymous_45)","line":347,"loc":{"start":{"line":347,"column":21},"end":{"line":347,"column":37}}},"46":{"name":"(anonymous_46)","line":352,"loc":{"start":{"line":352,"column":21},"end":{"line":352,"column":32}}},"47":{"name":"(anonymous_47)","line":358,"loc":{"start":{"line":358,"column":21},"end":{"line":358,"column":37}}},"48":{"name":"(anonymous_48)","line":364,"loc":{"start":{"line":364,"column":20},"end":{"line":364,"column":36}}},"49":{"name":"(anonymous_49)","line":370,"loc":{"start":{"line":370,"column":21},"end":{"line":370,"column":37}}},"50":{"name":"(anonymous_50)","line":376,"loc":{"start":{"line":376,"column":27},"end":{"line":376,"column":45}}},"51":{"name":"(anonymous_51)","line":382,"loc":{"start":{"line":382,"column":21},"end":{"line":382,"column":39}}},"52":{"name":"(anonymous_52)","line":388,"loc":{"start":{"line":388,"column":28},"end":{"line":388,"column":46}}},"53":{"name":"(anonymous_53)","line":394,"loc":{"start":{"line":394,"column":21},"end":{"line":394,"column":39}}},"54":{"name":"(anonymous_54)","line":400,"loc":{"start":{"line":400,"column":36},"end":{"line":400,"column":54}}},"55":{"name":"(anonymous_55)","line":406,"loc":{"start":{"line":406,"column":22},"end":{"line":406,"column":40}}},"56":{"name":"(anonymous_56)","line":411,"loc":{"start":{"line":411,"column":26},"end":{"line":411,"column":37}}},"57":{"name":"(anonymous_57)","line":416,"loc":{"start":{"line":416,"column":28},"end":{"line":416,"column":39}}}},"statementMap":{"1":{"start":{"line":35,"column":0},"end":{"line":35,"column":44}},"2":{"start":{"line":41,"column":0},"end":{"line":41,"column":31}},"3":{"start":{"line":48,"column":0},"end":{"line":48,"column":44}},"4":{"start":{"line":55,"column":0},"end":{"line":55,"column":47}},"5":{"start":{"line":63,"column":0},"end":{"line":63,"column":57}},"6":{"start":{"line":69,"column":0},"end":{"line":69,"column":34}},"7":{"start":{"line":77,"column":0},"end":{"line":77,"column":52}},"8":{"start":{"line":83,"column":0},"end":{"line":83,"column":32}},"9":{"start":{"line":88,"column":0},"end":{"line":88,"column":10}},"10":{"start":{"line":93,"column":0},"end":{"line":93,"column":11}},"11":{"start":{"line":98,"column":0},"end":{"line":98,"column":9}},"12":{"start":{"line":103,"column":0},"end":{"line":103,"column":10}},"13":{"start":{"line":108,"column":0},"end":{"line":108,"column":13}},"14":{"start":{"line":113,"column":0},"end":{"line":113,"column":15}},"15":{"start":{"line":118,"column":0},"end":{"line":118,"column":15}},"16":{"start":{"line":123,"column":0},"end":{"line":123,"column":24}},"17":{"start":{"line":128,"column":0},"end":{"line":128,"column":19}},"18":{"start":{"line":133,"column":0},"end":{"line":133,"column":20}},"19":{"start":{"line":138,"column":0},"end":{"line":138,"column":24}},"20":{"start":{"line":143,"column":0},"end":{"line":143,"column":37}},"21":{"start":{"line":148,"column":0},"end":{"line":148,"column":40}},"22":{"start":{"line":154,"column":0},"end":{"line":154,"column":45}},"23":{"start":{"line":159,"column":0},"end":{"line":159,"column":43}},"24":{"start":{"line":164,"column":0},"end":{"line":164,"column":51}},"25":{"start":{"line":169,"column":0},"end":{"line":169,"column":42}},"26":{"start":{"line":174,"column":0},"end":{"line":174,"column":50}},"27":{"start":{"line":179,"column":0},"end":{"line":179,"column":45}},"28":{"start":{"line":184,"column":0},"end":{"line":184,"column":38}},"29":{"start":{"line":189,"column":0},"end":{"line":189,"column":42}},"30":{"start":{"line":194,"column":0},"end":{"line":194,"column":37}},"31":{"start":{"line":199,"column":0},"end":{"line":199,"column":38}},"32":{"start":{"line":205,"column":0},"end":{"line":205,"column":43}},"33":{"start":{"line":211,"column":0},"end":{"line":211,"column":39}},"34":{"start":{"line":217,"column":0},"end":{"line":217,"column":46}},"35":{"start":{"line":223,"column":0},"end":{"line":223,"column":40}},"36":{"start":{"line":229,"column":0},"end":{"line":229,"column":45}},"37":{"start":{"line":235,"column":0},"end":{"line":235,"column":39}},"38":{"start":{"line":241,"column":0},"end":{"line":241,"column":52}},"39":{"start":{"line":247,"column":0},"end":{"line":247,"column":40}},"40":{"start":{"line":253,"column":0},"end":{"line":253,"column":48}},"41":{"start":{"line":259,"column":0},"end":{"line":259,"column":39}},"42":{"start":{"line":265,"column":0},"end":{"line":265,"column":55}},"43":{"start":{"line":271,"column":0},"end":{"line":271,"column":40}},"44":{"start":{"line":277,"column":0},"end":{"line":277,"column":44}},"45":{"start":{"line":283,"column":0},"end":{"line":283,"column":41}},"46":{"start":{"line":288,"column":0},"end":{"line":288,"column":38}},"47":{"start":{"line":293,"column":0},"end":{"line":293,"column":35}},"48":{"start":{"line":299,"column":0},"end":{"line":299,"column":40}},"49":{"start":{"line":305,"column":0},"end":{"line":305,"column":45}},"50":{"start":{"line":311,"column":0},"end":{"line":311,"column":40}},"51":{"start":{"line":317,"column":0},"end":{"line":317,"column":45}},"52":{"start":{"line":323,"column":0},"end":{"line":323,"column":40}},"53":{"start":{"line":329,"column":0},"end":{"line":329,"column":43}},"54":{"start":{"line":335,"column":0},"end":{"line":335,"column":40}},"55":{"start":{"line":341,"column":0},"end":{"line":341,"column":43}},"56":{"start":{"line":347,"column":0},"end":{"line":347,"column":40}},"57":{"start":{"line":352,"column":0},"end":{"line":352,"column":35}},"58":{"start":{"line":358,"column":0},"end":{"line":358,"column":40}},"59":{"start":{"line":364,"column":0},"end":{"line":364,"column":39}},"60":{"start":{"line":370,"column":0},"end":{"line":370,"column":40}},"61":{"start":{"line":376,"column":0},"end":{"line":376,"column":48}},"62":{"start":{"line":382,"column":0},"end":{"line":382,"column":42}},"63":{"start":{"line":388,"column":0},"end":{"line":388,"column":49}},"64":{"start":{"line":394,"column":0},"end":{"line":394,"column":42}},"65":{"start":{"line":400,"column":0},"end":{"line":400,"column":57}},"66":{"start":{"line":406,"column":0},"end":{"line":406,"column":43}},"67":{"start":{"line":411,"column":0},"end":{"line":411,"column":40}},"68":{"start":{"line":416,"column":0},"end":{"line":416,"column":42}}},"branchMap":{},"code":["/*"," * Copyright 2012 The Closure Compiler Authors."," *"," * Licensed under the Apache License, Version 2.0 (the \"License\");"," * you may not use this file except in compliance with the License."," * You may obtain a copy of the License at"," *"," *     http://www.apache.org/licenses/LICENSE-2.0"," *"," * Unless required by applicable law or agreed to in writing, software"," * distributed under the License is distributed on an \"AS IS\" BASIS,"," * WITHOUT WARRANTIES OR CONDITIONS OF ANY KIND, either express or implied."," * See the License for the specific language governing permissions and"," * limitations under the License."," */","","/**"," * @fileoverview Externs for Long.js."," * @see https://github.com/dcodeIO/Long.js"," * @externs"," */","","/**"," BEGIN_NODE_INCLUDE"," var Long = require('long');"," END_NODE_INCLUDE"," */","","/**"," * @param {number|!{low: number, high: number, unsigned: boolean}} low"," * @param {number=} high"," * @param {boolean=} unsigned"," * @constructor"," */","var Long = function(low, high, unsigned) {};","","/**"," * @param {*} obj"," * @returns {boolean}"," */","Long.isLong = function(obj) {};","","/**"," * @param {number} value"," * @param {boolean=} unsigned"," * @return {!Long}"," */","Long.fromInt = function(value, unsigned) {};","","/**"," * @param {number} value"," * @param {boolean=} unsigned"," * @return {!Long}"," */","Long.fromNumber = function(value, unsigned) {};","","/**"," * @param {number} lowBits"," * @param {number} highBits"," * @param {boolean=} unsigned"," * @return {!Long}"," */","Long.fromBits = function(lowBits, highBits, unsigned) {};","","/**"," * @param {!Long|number|string|!{low: number, high: number, unsigned: boolean}} val"," * @returns {!Long}"," */","Long.fromValue = function(val) {};","","/**"," * @param {string} str"," * @param {(boolean|number)=} unsigned"," * @param {number=} radix"," * @return {!Long}"," */","Long.fromString = function(str, unsigned, radix) {};","","/**"," * @param {!Long|number|string|!{low: number, high: number, unsigned: boolean}} val"," * @return {!Long}"," */","Long.valueOf = function(val) {};","","/**"," * @type {!Long}"," */","Long.ZERO;","","/**"," * @type {!Long}"," */","Long.UZERO;","","/**"," * @type {!Long}"," */","Long.ONE;","","/**"," * @type {!Long}"," */","Long.UONE;","","/**"," * @type {!Long}"," */","Long.NEG_ONE;","","/**"," * @type {!Long}"," */","Long.MAX_VALUE;","","/**"," * @type {!Long}"," */","Long.MIN_VALUE;","","/**"," * @type {!Long}"," */","Long.MAX_UNSIGNED_VALUE;","","/**"," * @type {number}"," */","Long.prototype.low;","","/**"," * @type {number}"," */","Long.prototype.high;","","/**"," * @type {boolean}"," */","Long.prototype.unsigned;","","/**"," * @return {number}"," */","Long.prototype.toInt = function() {};","","/**"," * @return {number}"," */","Long.prototype.toNumber = function() {};","","/**"," * @param {number=} radix"," * @return {string}"," */","Long.prototype.toString = function(radix) {};","","/**"," * @return {number}"," */","Long.prototype.getHighBits = function() {};","","/**"," * @return {number}"," */","Long.prototype.getHighBitsUnsigned = function() {};","","/**"," * @return {number}"," */","Long.prototype.getLowBits = function() {};","","/**"," * @return {number}"," */","Long.prototype.getLowBitsUnsigned = function() {};","","/**"," * @return {number}"," */","Long.prototype.getNumBitsAbs = function() {};","","/**"," * @return {boolean}"," */","Long.prototype.isZero = function() {};","","/**"," * @return {boolean}"," */","Long.prototype.isNegative = function() {};","","/**"," * @return {boolean}"," */","Long.prototype.isOdd = function() {};","","/**"," * @return {boolean}"," */","Long.prototype.isEven = function() {};","","/**"," * @param {!Long|number|string} other"," * @return {boolean}"," */","Long.prototype.equals = function(other) {};","","/**"," * @param {!Long|number|string} other"," * @return {boolean}"," */","Long.prototype.eq = function(other) {};","","/**"," * @param {!Long|number|string} other"," * @return {boolean}"," */","Long.prototype.notEquals = function(other) {};","","/**"," * @param {!Long|number|string} other"," * @return {boolean}"," */","Long.prototype.neq = function(other) {};","","/**"," * @param {!Long|number|string} other"," * @return {boolean}"," */","Long.prototype.lessThan = function(other) {};","","/**"," * @param {!Long|number|string} other"," * @return {boolean}"," */","Long.prototype.lt = function(other) {};","","/**"," * @param {!Long|number|string} other"," * @return {boolean}"," */","Long.prototype.lessThanOrEqual = function(other) {};","","/**"," * @param {!Long|number|string} other"," * @return {boolean}"," */","Long.prototype.lte = function(other) {};","","/**"," * @param {!Long|number|string} other"," * @return {boolean}"," */","Long.prototype.greaterThan = function(other) {};","","/**"," * @param {!Long|number|string} other"," * @return {boolean}"," */","Long.prototype.gt = function(other) {};","","/**"," * @param {!Long|number|string} other"," * @return {boolean}"," */","Long.prototype.greaterThanOrEqual = function(other) {};","","/**"," * @param {!Long|number|string} other"," * @return {boolean}"," */","Long.prototype.gte = function(other) {};","","/**"," * @param {!Long|number|string} other"," * @return {number}"," */","Long.prototype.compare = function(other) {};","","/**"," * @param {!Long|number|string} other"," * @return {number}"," */","Long.prototype.comp = function(other) {};","","/**"," * @return {!Long}"," */","Long.prototype.negate = function() {};","","/**"," * @return {!Long}"," */","Long.prototype.neg = function() {};","","/**"," * @param {!Long|number|string} other"," * @return {!Long}"," */","Long.prototype.add = function(other) {};","","/**"," * @param {!Long|number|string} other"," * @return {!Long}"," */","Long.prototype.subtract = function(other) {};","","/**"," * @param {!Long|number|string} other"," * @return {!Long}"," */","Long.prototype.sub = function(other) {};","","/**"," * @param {!Long|number|string} other"," * @return {!Long}"," */","Long.prototype.multiply = function(other) {};","","/**"," * @param {!Long|number|string} other"," * @return {!Long}"," */","Long.prototype.mul = function(other) {};","","/**"," * @param {!Long|number|string} other"," * @return {!Long}"," */","Long.prototype.divide = function(other) {};","","/**"," * @param {!Long|number|string} other"," * @return {!Long}"," */","Long.prototype.div = function(other) {};","","/**"," * @param {!Long|number|string} other"," * @return {!Long}"," */","Long.prototype.modulo = function(other) {};","","/**"," * @param {!Long|number|string} other"," * @return {!Long}"," */","Long.prototype.mod = function(other) {};","","/**"," * @return {!Long}"," */","Long.prototype.not = function() {};","","/**"," * @param {!Long|number|string} other"," * @return {!Long}"," */","Long.prototype.and = function(other) {};","","/**"," * @param {!Long|number|string} other"," * @return {!Long}"," */","Long.prototype.or = function(other) {};","","/**"," * @param {!Long|number|string} other"," * @return {!Long}"," */","Long.prototype.xor = function(other) {};","","/**"," * @param {number|!Long} numBits"," * @return {!Long}"," */","Long.prototype.shiftLeft = function(numBits) {};","","/**"," * @param {number|!Long} numBits"," * @return {!Long}"," */","Long.prototype.shl = function(numBits) {};","","/**"," * @param {number|!Long} numBits"," * @return {!Long}"," */","Long.prototype.shiftRight = function(numBits) {};","","/**"," * @param {number|!Long} numBits"," * @return {!Long}"," */","Long.prototype.shr = function(numBits) {};","","/**"," * @param {number|!Long} numBits"," * @return {!Long}"," */","Long.prototype.shiftRightUnsigned = function(numBits) {};","","/**"," * @param {number|!Long} numBits"," * @return {!Long}"," */","Long.prototype.shru = function(numBits) {};","","/**"," * @return {!Long}"," */","Long.prototype.toSigned = function() {};","","/**"," * @return {!Long}"," */","Long.prototype.toUnsigned = function() {};",""],"l":{"35":1,"41":1,"48":1,"55":1,"63":1,"69":1,"77":1,"83":1,"88":1,"93":1,"98":1,"103":1,"108":1,"113":1,"118":1,"123":1,"128":1,"133":1,"138":1,"143":1,"148":1,"154":1,"159":1,"164":1,"169":1,"174":1,"179":1,"184":1,"189":1,"194":1,"199":1,"205":1,"211":1,"217":1,"223":1,"229":1,"235":1,"241":1,"247":1,"253":1,"259":1,"265":1,"271":1,"277":1,"283":1,"288":1,"293":1,"299":1,"305":1,"311":1,"317":1,"323":1,"329":1,"335":1,"341":1,"347":1,"352":1,"358":1,"364":1,"370":1,"376":1,"382":1,"388":1,"394":1,"400":1,"406":1,"411":1,"416":1}},"/home/travis/build/npmtest/node-npmtest-long/node_modules/long/src/wrap.js":{"path":"/home/travis/build/npmtest/node-npmtest-long/node_modules/long/src/wrap.js","s":{"1":2,"2":2,"3":0,"4":2,"5":2,"6":0,"7":2},"b":{"1":[0,2],"2":[2,0],"3":[2,0],"4":[2,2,2,2],"5":[0,0]},"f":{"1":2,"2":2},"fnMap":{"1":{"name":"(anonymous_1)","line":23,"loc":{"start":{"line":23,"column":1},"end":{"line":23,"column":27}}},"2":{"name":"(anonymous_2)","line":32,"loc":{"start":{"line":32,"column":9},"end":{"line":32,"column":20}}}},"statementMap":{"1":{"start":{"line":23,"column":0},"end":{"line":38,"column":3}},"2":{"start":{"line":25,"column":14},"end":{"line":30,"column":74}},"3":{"start":{"line":26,"column":8},"end":{"line":26,"column":28}},"4":{"start":{"line":27,"column":24},"end":{"line":30,"column":74}},"5":{"start":{"line":28,"column":8},"end":{"line":28,"column":38}},"6":{"start":{"line":30,"column":8},"end":{"line":30,"column":74}},"7":{"start":{"line":37,"column":4},"end":{"line":37,"column":16}}},"branchMap":{"1":{"line":25,"type":"if","locations":[{"start":{"line":25,"column":14},"end":{"line":25,"column":14}},{"start":{"line":25,"column":14},"end":{"line":25,"column":14}}]},"2":{"line":25,"type":"binary-expr","locations":[{"start":{"line":25,"column":18},"end":{"line":25,"column":46}},{"start":{"line":25,"column":50},"end":{"line":25,"column":63}}]},"3":{"line":27,"type":"if","locations":[{"start":{"line":27,"column":24},"end":{"line":27,"column":24}},{"start":{"line":27,"column":24},"end":{"line":27,"column":24}}]},"4":{"line":27,"type":"binary-expr","locations":[{"start":{"line":27,"column":28},"end":{"line":27,"column":57}},{"start":{"line":27,"column":61},"end":{"line":27,"column":87}},{"start":{"line":27,"column":91},"end":{"line":27,"column":97}},{"start":{"line":27,"column":101},"end":{"line":27,"column":118}}]},"5":{"line":30,"type":"binary-expr","locations":[{"start":{"line":30,"column":29},"end":{"line":30,"column":46}},{"start":{"line":30,"column":50},"end":{"line":30,"column":52}}]}},"code":["/*"," Copyright 2013 Daniel Wirtz <dcode@dcode.io>"," Copyright 2009 The Closure Library Authors. All Rights Reserved.",""," Licensed under the Apache License, Version 2.0 (the \"License\");"," you may not use this file except in compliance with the License."," You may obtain a copy of the License at",""," http://www.apache.org/licenses/LICENSE-2.0",""," Unless required by applicable law or agreed to in writing, software"," distributed under the License is distributed on an \"AS-IS\" BASIS,"," WITHOUT WARRANTIES OR CONDITIONS OF ANY KIND, either express or implied."," See the License for the specific language governing permissions and"," limitations under the License."," */","","/**"," * @license long.js (c) 2013 Daniel Wirtz <dcode@dcode.io>"," * Released under the Apache License, Version 2.0"," * see: https://github.com/dcodeIO/long.js for details"," */","(function(global, factory) {","","    /* AMD */ if (typeof define === 'function' && define[\"amd\"])","        define([], factory);","    /* CommonJS */ else if (typeof require === 'function' && typeof module === \"object\" && module && module[\"exports\"])","        module[\"exports\"] = factory();","    /* Global */ else","        (global[\"dcodeIO\"] = global[\"dcodeIO\"] || {})[\"Long\"] = factory();","","})(this, function() {","    \"use strict\";","","    //? include(\"long.js\");","","    return Long;","});",""],"l":{"23":2,"25":2,"26":0,"27":2,"28":2,"30":0,"37":2}}}